[     250ms] [ERROR] Failed to load resource: the server responded with a status of 404 () @ https://scauzj.leykeji.com/static/home/images/android_leykeji.png:0
[     251ms] [ERROR] Failed to load resource: the server responded with a status of 404 () @ https://scauzj.leykeji.com/static/home/images/ios_leykeji.png:0
[     292ms] [ERROR] Failed to load resource: net::ERR_CONNECTION_RESET @ https://s4.cnzz.com/z_stat.php?id=1278629856&web_id=1278629856:0
[     383ms] [TIMEEND] SCRIPT RUN TIME[🌟 优雅大师 - 开发环境（实时调试）]: 0.77099609375 ms @ chrome-extension://dhdgffkkebhmkfjojejmpbldmpobfkfo/userscript.html?name=%25F0%259F%258C%259F-%25E4%25BC%2598%25E9%259B%2585%25E5%25A4%25A7%25E5%25B8%2588-%25E5%25BC%2580%25E5%258F%2591%25E7%258E%25AF%25E5%25A2%2583%25EF%25BC%2588%25E5%25AE%259E%25E6%2597%25B6%25E8%25B0%2583%25E8%25AF%2595%25EF%25BC%2589.user.js&id=a241f440-a6c3-4afc-bd6a-75ffa1e051d2:1
[     460ms] [LOG] 同学，我们已经发现您具有相应的网络知识，了解浏览器的调试模式，这挺好的，以下是要对您说的一些警告信息。 @ https://scauzj.leykeji.com/static/user/js/video.js?v=1775951309:87
[     461ms] [LOG] 警告：请不要以任何取巧方式进行作弊刷课或帮助其他人刷课，系统已对所有课时的真实性进行统计计算评估，收集数据包括不限于（浏览器头，版本，播放器记录，登录时长，cookie,referer,ip追踪,终端平台，是否符是您的账号，登录过多少个账号，历史登录记录.. 等各种操作数据及ajax随机埋点），一经发现作弊轻则取消学时，重则取消成绩。 @ https://scauzj.leykeji.com/static/user/js/video.js?v=1775951309:88
[     553ms] [LOG] rest {appId: REDACTED_APPID, nonce: 146416ac176289ef70d6809ea12c8eb5, timestamp: 1775951309, sign: d24a8d0663374fdbe2945a7df0e51575, status: true} @ https://scauzj.leykeji.com/static/user/js/video.js?v=1775951309:32
[     943ms] [ERROR] Failed to load resource: net::ERR_CONNECTION_RESET @ https://t.gdt.qq.com/conv/web/cookies/jsonp?cb=jsonp_cb_0_1775951281414_516&callback=jsonp_cb_0_1775951281414_516:0
[    1920ms] [ERROR] Failed to load resource: net::ERR_CONNECTION_RESET @ https://rumt-zh.com/collect/pv?from=https%3A%2F%2Fwebpage.qidian.qq.com%2Fqidian%2Fchatv3%2Fpc.html&id=9GkL9SLGjnYrr8bJd6&uin=&version=1.38.1&aid=8112c955-ec72-45ac-b994-e526a02be989&env=production&platform=3&netType=4&vp=0%20*%200&sr=1280%20*%20720&sessionId=session-1775951282382&referer=https%3A%2F%2Fscauzj.leykeji.com%2F:0
[    2724ms] [ERROR] Failed to load resource: net::ERR_CONNECTION_RESET @ https://rumt-zh.com/collect/whitelist?id=9GkL9SLGjnYrr8bJd6&uin=&version=1.38.1&aid=8112c955-ec72-45ac-b994-e526a02be989&env=production&platform=3&netType=4&vp=0%20*%200&sr=1280%20*%20720&sessionId=session-1775951282382&from=https%3A%2F%2Fwebpage.qidian.qq.com%2Fqidian%2Fchatv3%2Fpc.html&referer=https%3A%2F%2Fscauzj.leykeji.com%2F:0
[    2782ms] [ERROR] Failed to load resource: net::ERR_CONNECTION_RESET @ https://rumt-zh.com/collect/pv?from=https%3A%2F%2Fwebpage.qidian.qq.com%2Fqidian%2Fchatv3%2FstatusManager%2Findex.html%3Fkfuin%3D3009017937&id=vq4n2C4by1vw9Kvevq&uin=3009017937&version=1.38.1&aid=8112c955-ec72-45ac-b994-e526a02be989&env=production&platform=3&netType=4&vp=0%20*%200&sr=1280%20*%20720&sessionId=session-1775951283212&referer=https%3A%2F%2Fscauzj.leykeji.com%2F:0
[    2823ms] [ERROR] Failed to load resource: net::ERR_CONNECTION_RESET @ https://rumt-zh.com/collect/whitelist?id=vq4n2C4by1vw9Kvevq&uin=3009017937&version=1.38.1&aid=8112c955-ec72-45ac-b994-e526a02be989&env=production&platform=3&netType=4&vp=0%20*%200&sr=1280%20*%20720&sessionId=session-1775951283212&from=https%3A%2F%2Fwebpage.qidian.qq.com%2Fqidian%2Fchatv3%2FstatusManager%2Findex.html%3Fkfuin%3D3009017937&referer=https%3A%2F%2Fscauzj.leykeji.com%2F:0
[    3802ms] [LOG] ✅ 优雅大师UI创建成功 @ chrome-extension://dhdgffkkebhmkfjojejmpbldmpobfkfo/userscript.html?name=%25F0%259F%258C%259F-%25E4%25BC%2598%25E9%259B%2585%25E5%25A4%25A7%25E5%25B8%2588-%25E5%25BC%2580%25E5%258F%2591%25E7%258E%25AF%25E5%25A2%2583%25EF%25BC%2588%25E5%25AE%259E%25E6%2597%25B6%25E8%25B0%2583%25E8%25AF%2595%25EF%25BC%2589.user.js&id=a241f440-a6c3-4afc-bd6a-75ffa1e051d2:92
[    3803ms] [LOG] 🌟 优雅大师已就绪，点击"🚀 启动"开始 @ chrome-extension://dhdgffkkebhmkfjojejmpbldmpobfkfo/userscript.html?name=%25F0%259F%258C%259F-%25E4%25BC%2598%25E9%259B%2585%25E5%25A4%25A7%25E5%25B8%2588-%25E5%25BC%2580%25E5%258F%2591%25E7%258E%25AF%25E5%25A2%2583%25EF%25BC%2588%25E5%25AE%259E%25E6%2597%25B6%25E8%25B0%2583%25E8%25AF%2595%25EF%25BC%2589.user.js&id=a241f440-a6c3-4afc-bd6a-75ffa1e051d2:737
[    4108ms] [ERROR] Failed to load resource: net::ERR_CONNECTION_RESET @ https://rumt-zh.com/speed?id=vq4n2C4by1vw9Kvevq&uin=3009017937&version=1.38.1&aid=8112c955-ec72-45ac-b994-e526a02be989&env=production&platform=3&netType=4&vp=0%20*%200&sr=1280%20*%20720&sessionId=session-1775951283212&from=https%3A%2F%2Fwebpage.qidian.qq.com%2Fqidian%2Fchatv3%2FstatusManager%2Findex.html%3Fkfuin%3D3009017937&referer=https%3A%2F%2Fscauzj.leykeji.com%2F:0
[    4296ms] [ERROR] Failed to load resource: net::ERR_CONNECTION_RESET @ https://rumt-zh.com/speed?id=9GkL9SLGjnYrr8bJd6&uin=&version=1.38.1&aid=8112c955-ec72-45ac-b994-e526a02be989&env=production&platform=3&netType=4&vp=0%20*%200&sr=1280%20*%20720&sessionId=session-1775951282382&from=https%3A%2F%2Fwebpage.qidian.qq.com%2Fqidian%2Fchatv3%2Fpc.html&referer=https%3A%2F%2Fscauzj.leykeji.com%2F:0
[    4326ms] [ERROR] Failed to load resource: net::ERR_CONNECTION_RESET @ https://rumt-zh.com/collect?id=9GkL9SLGjnYrr8bJd6&uin=&version=1.38.1&aid=8112c955-ec72-45ac-b994-e526a02be989&env=production&platform=3&netType=4&vp=0%20*%200&sr=1280%20*%20720&sessionId=session-1775951282382&from=https%3A%2F%2Fwebpage.qidian.qq.com%2Fqidian%2Fchatv3%2Fpc.html&referer=https%3A%2F%2Fscauzj.leykeji.com%2F:0
[   13919ms] [ERROR] Failed to load resource: net::ERR_CONNECTION_RESET @ https://rumt-zh.com/speed/performance?dnsLookup=0&tcp=364&ssl=354&ttfb=44&contentDownload=6&domParse=1227&resourceDownload=607&firstScreenTiming=0&id=9GkL9SLGjnYrr8bJd6&uin=&version=1.38.1&aid=8112c955-ec72-45ac-b994-e526a02be989&env=production&platform=3&netType=4&vp=0%20*%200&sr=1280%20*%20720&sessionId=session-1775951282382&from=https%3A%2F%2Fwebpage.qidian.qq.com%2Fqidian%2Fchatv3%2Fpc.html&referer=https%3A%2F%2Fscauzj.leykeji.com%2F:0
[   14810ms] [ERROR] Failed to load resource: net::ERR_CONNECTION_RESET @ https://rumt-zh.com/speed/performance?dnsLookup=0&tcp=383&ssl=373&ttfb=127&contentDownload=55&domParse=1160&resourceDownload=4&firstScreenTiming=0&id=vq4n2C4by1vw9Kvevq&uin=3009017937&version=1.38.1&aid=8112c955-ec72-45ac-b994-e526a02be989&env=production&platform=3&netType=4&vp=0%20*%200&sr=1280%20*%20720&sessionId=session-1775951283212&from=https%3A%2F%2Fwebpage.qidian.qq.com%2Fqidian%2Fchatv3%2FstatusManager%2Findex.html%3Fkfuin%3D3009017937&referer=https%3A%2F%2Fscauzj.leykeji.com%2F:0
[   70956ms] [LOG] 🎯 目标: {nodeId: 1429487, duration: 440} @ chrome-extension://dhdgffkkebhmkfjojejmpbldmpobfkfo/userscript.html?name=%25F0%259F%258C%259F-%25E4%25BC%2598%25E9%259B%2585%25E5%25A4%25A7%25E5%25B8%2588-%25E5%25BC%2580%25E5%258F%2591%25E7%258E%25AF%25E5%25A2%2583%25EF%25BC%2588%25E5%25AE%259E%25E6%2597%25B6%25E8%25B0%2583%25E8%25AF%2595%25EF%25BC%2589.user.js&id=a241f440-a6c3-4afc-bd6a-75ffa1e051d2:659
[   70958ms] [LOG] 🌟 优雅大师启动 {nodeId: 1429487, duration: 440} @ chrome-extension://dhdgffkkebhmkfjojejmpbldmpobfkfo/userscript.html?name=%25F0%259F%258C%259F-%25E4%25BC%2598%25E9%259B%2585%25E5%25A4%25A7%25E5%25B8%2588-%25E5%25BC%2580%25E5%258F%2591%25E7%258E%25AF%25E5%25A2%2583%25EF%25BC%2588%25E5%25AE%259E%25E6%2597%25B6%25E8%25B0%2583%25E8%25AF%2595%25EF%25BC%2589.user.js&id=a241f440-a6c3-4afc-bd6a-75ffa1e051d2:522
[   71025ms] [LOG] ✅ 会话: undefined @ chrome-extension://dhdgffkkebhmkfjojejmpbldmpobfkfo/userscript.html?name=%25F0%259F%258C%259F-%25E4%25BC%2598%25E9%259B%2585%25E5%25A4%25A7%25E5%25B8%2588-%25E5%25BC%2580%25E5%258F%2591%25E7%258E%25AF%25E5%25A2%2583%25EF%25BC%2588%25E5%25AE%259E%25E6%2597%25B6%25E8%25B0%2583%25E8%25AF%2595%25EF%25BC%2589.user.js&id=a241f440-a6c3-4afc-bd6a-75ffa1e051d2:530
[   71025ms] [LOG] ⚡ 上报: 14次, 间隔2000ms, 跳跃30s @ chrome-extension://dhdgffkkebhmkfjojejmpbldmpobfkfo/userscript.html?name=%25F0%259F%258C%259F-%25E4%25BC%2598%25E9%259B%2585%25E5%25A4%25A7%25E5%25B8%2588-%25E5%25BC%2580%25E5%258F%2591%25E7%258E%25AF%25E5%25A2%2583%25EF%25BC%2588%25E5%25AE%259E%25E6%2597%25B6%25E8%25B0%2583%25E8%25AF%2595%25EF%25BC%2589.user.js&id=a241f440-a6c3-4afc-bd6a-75ffa1e051d2:537
[  100387ms] [LOG] ➡️  自动点击下一节 @ chrome-extension://dhdgffkkebhmkfjojejmpbldmpobfkfo/userscript.html?name=%25F0%259F%258C%259F-%25E4%25BC%2598%25E9%259B%2585%25E5%25A4%25A7%25E5%25B8%2588-%25E5%25BC%2580%25E5%258F%2591%25E7%258E%25AF%25E5%25A2%2583%25EF%25BC%2588%25E5%25AE%259E%25E6%2597%25B6%25E8%25B0%2583%25E8%25AF%2595%25EF%25BC%2589.user.js&id=a241f440-a6c3-4afc-bd6a-75ffa1e051d2:592
[  100393ms] [LOG] ✅ 完成！耗时: 29.4秒, 记录: 440秒 @ chrome-extension://dhdgffkkebhmkfjojejmpbldmpobfkfo/userscript.html?name=%25F0%259F%258C%259F-%25E4%25BC%2598%25E9%259B%2585%25E5%25A4%25A7%25E5%25B8%2588-%25E5%25BC%2580%25E5%258F%2591%25E7%258E%25AF%25E5%25A2%2583%25EF%25BC%2588%25E5%25AE%259E%25E6%2597%25B6%25E8%25B0%2583%25E8%25AF%2595%25EF%25BC%2589.user.js&id=a241f440-a6c3-4afc-bd6a-75ffa1e051d2:569
[  217052ms] [ERROR] Failed to load resource: net::ERR_CONNECTION_RESET @ https://rumt-zh.com/speed?id=9GkL9SLGjnYrr8bJd6&uin=&version=1.38.1&aid=8112c955-ec72-45ac-b994-e526a02be989&env=production&platform=3&netType=4&vp=0%20*%200&sr=1280%20*%20720&sessionId=session-1775951282382&from=https%3A%2F%2Fwebpage.qidian.qq.com%2Fqidian%2Fchatv3%2Fpc.html&referer=https%3A%2F%2Fscauzj.leykeji.com%2F:0
[  226183ms] [LOG] success @ https://scauzj.leykeji.com/static/user/js/video.js?v=1775951309:281
[  226465ms] [LOG] totalTime:1 @ https://scauzj.leykeji.com/static/user/js/video.js?v=1775951309:105
[  227466ms] [LOG] totalTime:2 @ https://scauzj.leykeji.com/static/user/js/video.js?v=1775951309:105
[  228462ms] [LOG] totalTime:3 @ https://scauzj.leykeji.com/static/user/js/video.js?v=1775951309:105
[  229463ms] [LOG] totalTime:4 @ https://scauzj.leykeji.com/static/user/js/video.js?v=1775951309:105
[  230473ms] [LOG] totalTime:5 @ https://scauzj.leykeji.com/static/user/js/video.js?v=1775951309:105
[  231474ms] [LOG] totalTime:6 @ https://scauzj.leykeji.com/static/user/js/video.js?v=1775951309:105
[  232475ms] [LOG] totalTime:7 @ https://scauzj.leykeji.com/static/user/js/video.js?v=1775951309:105
[  233467ms] [LOG] totalTime:8 @ https://scauzj.leykeji.com/static/user/js/video.js?v=1775951309:105
[  234466ms] [LOG] totalTime:9 @ https://scauzj.leykeji.com/static/user/js/video.js?v=1775951309:105
[  235476ms] [LOG] totalTime:10 @ https://scauzj.leykeji.com/static/user/js/video.js?v=1775951309:105
[  236465ms] [LOG] totalTime:11 @ https://scauzj.leykeji.com/static/user/js/video.js?v=1775951309:105
[  237473ms] [LOG] totalTime:12 @ https://scauzj.leykeji.com/static/user/js/video.js?v=1775951309:105
[  238471ms] [LOG] totalTime:13 @ https://scauzj.leykeji.com/static/user/js/video.js?v=1775951309:105
[  239469ms] [LOG] totalTime:14 @ https://scauzj.leykeji.com/static/user/js/video.js?v=1775951309:105
[  240469ms] [LOG] totalTime:15 @ https://scauzj.leykeji.com/static/user/js/video.js?v=1775951309:105
[  240549ms] [LOG] success @ https://scauzj.leykeji.com/static/user/js/video.js?v=1775951309:281
[  241461ms] [LOG] totalTime:16 @ https://scauzj.leykeji.com/static/user/js/video.js?v=1775951309:105
[  242466ms] [LOG] totalTime:17 @ https://scauzj.leykeji.com/static/user/js/video.js?v=1775951309:105
[  243466ms] [LOG] totalTime:18 @ https://scauzj.leykeji.com/static/user/js/video.js?v=1775951309:105
[  244469ms] [LOG] totalTime:19 @ https://scauzj.leykeji.com/static/user/js/video.js?v=1775951309:105
[  245467ms] [LOG] totalTime:20 @ https://scauzj.leykeji.com/static/user/js/video.js?v=1775951309:105
[  246466ms] [LOG] totalTime:21 @ https://scauzj.leykeji.com/static/user/js/video.js?v=1775951309:105
[  247467ms] [LOG] totalTime:22 @ https://scauzj.leykeji.com/static/user/js/video.js?v=1775951309:105
[  248461ms] [LOG] totalTime:23 @ https://scauzj.leykeji.com/static/user/js/video.js?v=1775951309:105
[  249470ms] [LOG] totalTime:24 @ https://scauzj.leykeji.com/static/user/js/video.js?v=1775951309:105
[  250464ms] [LOG] totalTime:25 @ https://scauzj.leykeji.com/static/user/js/video.js?v=1775951309:105
[  251466ms] [LOG] totalTime:26 @ https://scauzj.leykeji.com/static/user/js/video.js?v=1775951309:105
[  252469ms] [LOG] totalTime:27 @ https://scauzj.leykeji.com/static/user/js/video.js?v=1775951309:105
[  253466ms] [LOG] totalTime:28 @ https://scauzj.leykeji.com/static/user/js/video.js?v=1775951309:105
[  254461ms] [LOG] totalTime:29 @ https://scauzj.leykeji.com/static/user/js/video.js?v=1775951309:105
[  255465ms] [LOG] totalTime:30 @ https://scauzj.leykeji.com/static/user/js/video.js?v=1775951309:105
[  256467ms] [LOG] totalTime:31 @ https://scauzj.leykeji.com/static/user/js/video.js?v=1775951309:105
[  257462ms] [LOG] totalTime:32 @ https://scauzj.leykeji.com/static/user/js/video.js?v=1775951309:105
[  258468ms] [LOG] totalTime:33 @ https://scauzj.leykeji.com/static/user/js/video.js?v=1775951309:105
[  259473ms] [LOG] totalTime:34 @ https://scauzj.leykeji.com/static/user/js/video.js?v=1775951309:105
[  260462ms] [LOG] totalTime:35 @ https://scauzj.leykeji.com/static/user/js/video.js?v=1775951309:105
[  261466ms] [LOG] totalTime:36 @ https://scauzj.leykeji.com/static/user/js/video.js?v=1775951309:105
[  261791ms] [LOG] success @ https://scauzj.leykeji.com/static/user/js/video.js?v=1775951309:281
[  276757ms] [LOG] 🎯 目标: {nodeId: 1429487, duration: 440} @ chrome-extension://dhdgffkkebhmkfjojejmpbldmpobfkfo/userscript.html?name=%25F0%259F%258C%259F-%25E4%25BC%2598%25E9%259B%2585%25E5%25A4%25A7%25E5%25B8%2588-%25E5%25BC%2580%25E5%258F%2591%25E7%258E%25AF%25E5%25A2%2583%25EF%25BC%2588%25E5%25AE%259E%25E6%2597%25B6%25E8%25B0%2583%25E8%25AF%2595%25EF%25BC%2589.user.js&id=a241f440-a6c3-4afc-bd6a-75ffa1e051d2:659
[  276758ms] [LOG] 🌟 优雅大师启动 {nodeId: 1429487, duration: 440} @ chrome-extension://dhdgffkkebhmkfjojejmpbldmpobfkfo/userscript.html?name=%25F0%259F%258C%259F-%25E4%25BC%2598%25E9%259B%2585%25E5%25A4%25A7%25E5%25B8%2588-%25E5%25BC%2580%25E5%258F%2591%25E7%258E%25AF%25E5%25A2%2583%25EF%25BC%2588%25E5%25AE%259E%25E6%2597%25B6%25E8%25B0%2583%25E8%25AF%2595%25EF%25BC%2589.user.js&id=a241f440-a6c3-4afc-bd6a-75ffa1e051d2:522
[  276869ms] [LOG] ✅ 会话: undefined @ chrome-extension://dhdgffkkebhmkfjojejmpbldmpobfkfo/userscript.html?name=%25F0%259F%258C%259F-%25E4%25BC%2598%25E9%259B%2585%25E5%25A4%25A7%25E5%25B8%2588-%25E5%25BC%2580%25E5%258F%2591%25E7%258E%25AF%25E5%25A2%2583%25EF%25BC%2588%25E5%25AE%259E%25E6%2597%25B6%25E8%25B0%2583%25E8%25AF%2595%25EF%25BC%2589.user.js&id=a241f440-a6c3-4afc-bd6a-75ffa1e051d2:530
[  276869ms] [LOG] ⚡ 上报: 14次, 间隔2000ms, 跳跃30s @ chrome-extension://dhdgffkkebhmkfjojejmpbldmpobfkfo/userscript.html?name=%25F0%259F%258C%259F-%25E4%25BC%2598%25E9%259B%2585%25E5%25A4%25A7%25E5%25B8%2588-%25E5%25BC%2580%25E5%258F%2591%25E7%258E%25AF%25E5%25A2%2583%25EF%25BC%2588%25E5%25AE%259E%25E6%2597%25B6%25E8%25B0%2583%25E8%25AF%2595%25EF%25BC%2589.user.js&id=a241f440-a6c3-4afc-bd6a-75ffa1e051d2:537
[  303465ms] [LOG] totalTime:37 @ https://scauzj.leykeji.com/static/user/js/video.js?v=1775951309:105
[  304467ms] [LOG] totalTime:38 @ https://scauzj.leykeji.com/static/user/js/video.js?v=1775951309:105
[  305461ms] [LOG] totalTime:39 @ https://scauzj.leykeji.com/static/user/js/video.js?v=1775951309:105
[  306321ms] [LOG] ➡️  自动点击下一节 @ chrome-extension://dhdgffkkebhmkfjojejmpbldmpobfkfo/userscript.html?name=%25F0%259F%258C%259F-%25E4%25BC%2598%25E9%259B%2585%25E5%25A4%25A7%25E5%25B8%2588-%25E5%25BC%2580%25E5%258F%2591%25E7%258E%25AF%25E5%25A2%2583%25EF%25BC%2588%25E5%25AE%259E%25E6%2597%25B6%25E8%25B0%2583%25E8%25AF%2595%25EF%25BC%2589.user.js&id=a241f440-a6c3-4afc-bd6a-75ffa1e051d2:592
[  306324ms] [LOG] ✅ 完成！耗时: 29.6秒, 记录: 440秒 @ chrome-extension://dhdgffkkebhmkfjojejmpbldmpobfkfo/userscript.html?name=%25F0%259F%258C%259F-%25E4%25BC%2598%25E9%259B%2585%25E5%25A4%25A7%25E5%25B8%2588-%25E5%25BC%2580%25E5%258F%2591%25E7%258E%25AF%25E5%25A2%2583%25EF%25BC%2588%25E5%25AE%259E%25E6%2597%25B6%25E8%25B0%2583%25E8%25AF%2595%25EF%25BC%2589.user.js&id=a241f440-a6c3-4afc-bd6a-75ffa1e051d2:569
[  306465ms] [LOG] totalTime:40 @ https://scauzj.leykeji.com/static/user/js/video.js?v=1775951309:105
[  307462ms] [LOG] totalTime:41 @ https://scauzj.leykeji.com/static/user/js/video.js?v=1775951309:105
[  308463ms] [LOG] totalTime:42 @ https://scauzj.leykeji.com/static/user/js/video.js?v=1775951309:105
[  309463ms] [LOG] totalTime:43 @ https://scauzj.leykeji.com/static/user/js/video.js?v=1775951309:105
[  310462ms] [LOG] totalTime:44 @ https://scauzj.leykeji.com/static/user/js/video.js?v=1775951309:105
[  311463ms] [LOG] totalTime:45 @ https://scauzj.leykeji.com/static/user/js/video.js?v=1775951309:105
[  312462ms] [LOG] totalTime:46 @ https://scauzj.leykeji.com/static/user/js/video.js?v=1775951309:105
[  313462ms] [LOG] totalTime:47 @ https://scauzj.leykeji.com/static/user/js/video.js?v=1775951309:105
[  314462ms] [LOG] totalTime:48 @ https://scauzj.leykeji.com/static/user/js/video.js?v=1775951309:105
[  315347ms] [LOG] success @ https://scauzj.leykeji.com/static/user/js/video.js?v=1775951309:281
[  318785ms] [LOG] 🎯 目标: {nodeId: 1429487, duration: 440} @ chrome-extension://dhdgffkkebhmkfjojejmpbldmpobfkfo/userscript.html?name=%25F0%259F%258C%259F-%25E4%25BC%2598%25E9%259B%2585%25E5%25A4%25A7%25E5%25B8%2588-%25E5%25BC%2580%25E5%258F%2591%25E7%258E%25AF%25E5%25A2%2583%25EF%25BC%2588%25E5%25AE%259E%25E6%2597%25B6%25E8%25B0%2583%25E8%25AF%2595%25EF%25BC%2589.user.js&id=a241f440-a6c3-4afc-bd6a-75ffa1e051d2:659
[  318786ms] [LOG] 🌟 优雅大师启动 {nodeId: 1429487, duration: 440} @ chrome-extension://dhdgffkkebhmkfjojejmpbldmpobfkfo/userscript.html?name=%25F0%259F%258C%259F-%25E4%25BC%2598%25E9%259B%2585%25E5%25A4%25A7%25E5%25B8%2588-%25E5%25BC%2580%25E5%258F%2591%25E7%258E%25AF%25E5%25A2%2583%25EF%25BC%2588%25E5%25AE%259E%25E6%2597%25B6%25E8%25B0%2583%25E8%25AF%2595%25EF%25BC%2589.user.js&id=a241f440-a6c3-4afc-bd6a-75ffa1e051d2:522
[  318869ms] [LOG] ✅ 会话: undefined @ chrome-extension://dhdgffkkebhmkfjojejmpbldmpobfkfo/userscript.html?name=%25F0%259F%258C%259F-%25E4%25BC%2598%25E9%259B%2585%25E5%25A4%25A7%25E5%25B8%2588-%25E5%25BC%2580%25E5%258F%2591%25E7%258E%25AF%25E5%25A2%2583%25EF%25BC%2588%25E5%25AE%259E%25E6%2597%25B6%25E8%25B0%2583%25E8%25AF%2595%25EF%25BC%2589.user.js&id=a241f440-a6c3-4afc-bd6a-75ffa1e051d2:530
[  318869ms] [LOG] ⚡ 上报: 14次, 间隔2000ms, 跳跃30s @ chrome-extension://dhdgffkkebhmkfjojejmpbldmpobfkfo/userscript.html?name=%25F0%259F%258C%259F-%25E4%25BC%2598%25E9%259B%2585%25E5%25A4%25A7%25E5%25B8%2588-%25E5%25BC%2580%25E5%258F%2591%25E7%258E%25AF%25E5%25A2%2583%25EF%25BC%2588%25E5%25AE%259E%25E6%2597%25B6%25E8%25B0%2583%25E8%25AF%2595%25EF%25BC%2589.user.js&id=a241f440-a6c3-4afc-bd6a-75ffa1e051d2:537
[  324759ms] [ERROR] Failed to load resource: the server responded with a status of 404 () @ https://scauzj.leykeji.com/static/home/images/android_leykeji.png:0
[  324759ms] [ERROR] Failed to load resource: the server responded with a status of 404 () @ https://scauzj.leykeji.com/static/home/images/ios_leykeji.png:0
[  324816ms] [ERROR] Failed to load resource: net::ERR_CONNECTION_RESET @ https://s4.cnzz.com/z_stat.php?id=1278629856&web_id=1278629856:0
[  324841ms] [TIMEEND] SCRIPT RUN TIME[🌟 优雅大师 - 开发环境（实时调试）]: 1.72412109375 ms @ chrome-extension://dhdgffkkebhmkfjojejmpbldmpobfkfo/userscript.html?name=%25F0%259F%258C%259F-%25E4%25BC%2598%25E9%259B%2585%25E5%25A4%25A7%25E5%25B8%2588-%25E5%25BC%2580%25E5%258F%2591%25E7%258E%25AF%25E5%25A2%2583%25EF%25BC%2588%25E5%25AE%259E%25E6%2597%25B6%25E8%25B0%2583%25E8%25AF%2595%25EF%25BC%2589.user.js&id=a241f440-a6c3-4afc-bd6a-75ffa1e051d2:1
[  325024ms] [LOG] 同学，我们已经发现您具有相应的网络知识，了解浏览器的调试模式，这挺好的，以下是要对您说的一些警告信息。 @ https://scauzj.leykeji.com/static/user/js/video.js?v=1775951633:87
[  325026ms] [LOG] 警告：请不要以任何取巧方式进行作弊刷课或帮助其他人刷课，系统已对所有课时的真实性进行统计计算评估，收集数据包括不限于（浏览器头，版本，播放器记录，登录时长，cookie,referer,ip追踪,终端平台，是否符是您的账号，登录过多少个账号，历史登录记录.. 等各种操作数据及ajax随机埋点），一经发现作弊轻则取消学时，重则取消成绩。 @ https://scauzj.leykeji.com/static/user/js/video.js?v=1775951633:88
[  325207ms] [LOG] rest {appId: REDACTED_APPID, nonce: 7daf37ebca6cb90a9a9a74a6898f1214, timestamp: 1775951634, sign: 28d3327d7f5160f868bececd9bc01fc8, status: true} @ https://scauzj.leykeji.com/static/user/js/video.js?v=1775951633:32
[  325747ms] [ERROR] Failed to load resource: net::ERR_CONNECTION_RESET @ https://t.gdt.qq.com/conv/web/cookies/jsonp?cb=jsonp_cb_0_1775951606258_195&callback=jsonp_cb_0_1775951606258_195:0
[  327130ms] [ERROR] Failed to load resource: net::ERR_CONNECTION_RESET @ https://rumt-zh.com/collect/pv?from=https%3A%2F%2Fwebpage.qidian.qq.com%2Fqidian%2Fchatv3%2FstatusManager%2Findex.html%3Fkfuin%3D3009017937&id=vq4n2C4by1vw9Kvevq&uin=3009017937&version=1.38.1&aid=8112c955-ec72-45ac-b994-e526a02be989&env=production&platform=3&netType=4&vp=0%20*%200&sr=1280%20*%20720&sessionId=session-1775951607416&referer=https%3A%2F%2Fscauzj.leykeji.com%2F:0
[  327194ms] [ERROR] Failed to load resource: net::ERR_CONNECTION_RESET @ https://rumt-zh.com/collect/whitelist?id=vq4n2C4by1vw9Kvevq&uin=3009017937&version=1.38.1&aid=8112c955-ec72-45ac-b994-e526a02be989&env=production&platform=3&netType=4&vp=0%20*%200&sr=1280%20*%20720&sessionId=session-1775951607416&from=https%3A%2F%2Fwebpage.qidian.qq.com%2Fqidian%2Fchatv3%2FstatusManager%2Findex.html%3Fkfuin%3D3009017937&referer=https%3A%2F%2Fscauzj.leykeji.com%2F:0
[  327456ms] [ERROR] Failed to load resource: net::ERR_CONNECTION_RESET @ https://rumt-zh.com/collect/pv?from=https%3A%2F%2Fwebpage.qidian.qq.com%2Fqidian%2Fchatv3%2Fpc.html&id=9GkL9SLGjnYrr8bJd6&uin=&version=1.38.1&aid=8112c955-ec72-45ac-b994-e526a02be989&env=production&platform=3&netType=4&vp=0%20*%200&sr=1280%20*%20720&sessionId=session-1775951607776&referer=https%3A%2F%2Fscauzj.leykeji.com%2F:0
[  328154ms] [ERROR] Failed to load resource: net::ERR_CONNECTION_RESET @ https://rumt-zh.com/collect/whitelist?id=9GkL9SLGjnYrr8bJd6&uin=&version=1.38.1&aid=8112c955-ec72-45ac-b994-e526a02be989&env=production&platform=3&netType=4&vp=0%20*%200&sr=1280%20*%20720&sessionId=session-1775951607776&from=https%3A%2F%2Fwebpage.qidian.qq.com%2Fqidian%2Fchatv3%2Fpc.html&referer=https%3A%2F%2Fscauzj.leykeji.com%2F:0
[  329160ms] [ERROR] Failed to load resource: net::ERR_CONNECTION_RESET @ https://rumt-zh.com/speed?id=vq4n2C4by1vw9Kvevq&uin=3009017937&version=1.38.1&aid=8112c955-ec72-45ac-b994-e526a02be989&env=production&platform=3&netType=4&vp=0%20*%200&sr=1280%20*%20720&sessionId=session-1775951607416&from=https%3A%2F%2Fwebpage.qidian.qq.com%2Fqidian%2Fchatv3%2FstatusManager%2Findex.html%3Fkfuin%3D3009017937&referer=https%3A%2F%2Fscauzj.leykeji.com%2F:0
[  329487ms] [LOG] ✅ 优雅大师UI创建成功 @ chrome-extension://dhdgffkkebhmkfjojejmpbldmpobfkfo/userscript.html?name=%25F0%259F%258C%259F-%25E4%25BC%2598%25E9%259B%2585%25E5%25A4%25A7%25E5%25B8%2588-%25E5%25BC%2580%25E5%258F%2591%25E7%258E%25AF%25E5%25A2%2583%25EF%25BC%2588%25E5%25AE%259E%25E6%2597%25B6%25E8%25B0%2583%25E8%25AF%2595%25EF%25BC%2589.user.js&id=a241f440-a6c3-4afc-bd6a-75ffa1e051d2:92
[  329488ms] [LOG] 🌟 优雅大师已就绪，点击"🚀 启动"开始 @ chrome-extension://dhdgffkkebhmkfjojejmpbldmpobfkfo/userscript.html?name=%25F0%259F%258C%259F-%25E4%25BC%2598%25E9%259B%2585%25E5%25A4%25A7%25E5%25B8%2588-%25E5%25BC%2580%25E5%258F%2591%25E7%258E%25AF%25E5%25A2%2583%25EF%25BC%2588%25E5%25AE%259E%25E6%2597%25B6%25E8%25B0%2583%25E8%25AF%2595%25EF%25BC%2589.user.js&id=a241f440-a6c3-4afc-bd6a-75ffa1e051d2:737
[  330316ms] [ERROR] Failed to load resource: net::ERR_CONNECTION_RESET @ https://rumt-zh.com/speed?id=9GkL9SLGjnYrr8bJd6&uin=&version=1.38.1&aid=8112c955-ec72-45ac-b994-e526a02be989&env=production&platform=3&netType=4&vp=0%20*%200&sr=1280%20*%20720&sessionId=session-1775951607776&from=https%3A%2F%2Fwebpage.qidian.qq.com%2Fqidian%2Fchatv3%2Fpc.html&referer=https%3A%2F%2Fscauzj.leykeji.com%2F:0
[  330320ms] [ERROR] Failed to load resource: net::ERR_CONNECTION_RESET @ https://rumt-zh.com/collect?id=9GkL9SLGjnYrr8bJd6&uin=&version=1.38.1&aid=8112c955-ec72-45ac-b994-e526a02be989&env=production&platform=3&netType=4&vp=0%20*%200&sr=1280%20*%20720&sessionId=session-1775951607776&from=https%3A%2F%2Fwebpage.qidian.qq.com%2Fqidian%2Fchatv3%2Fpc.html&referer=https%3A%2F%2Fscauzj.leykeji.com%2F:0
[  338988ms] [ERROR] Failed to load resource: net::ERR_CONNECTION_RESET @ https://rumt-zh.com/speed/performance?dnsLookup=0&tcp=298&ssl=281&ttfb=49&contentDownload=4&domParse=540&resourceDownload=13&firstScreenTiming=0&id=vq4n2C4by1vw9Kvevq&uin=3009017937&version=1.38.1&aid=8112c955-ec72-45ac-b994-e526a02be989&env=production&platform=3&netType=4&vp=0%20*%200&sr=1280%20*%20720&sessionId=session-1775951607416&from=https%3A%2F%2Fwebpage.qidian.qq.com%2Fqidian%2Fchatv3%2FstatusManager%2Findex.html%3Fkfuin%3D3009017937&referer=https%3A%2F%2Fscauzj.leykeji.com%2F:0
[  339336ms] [ERROR] Failed to load resource: net::ERR_CONNECTION_RESET @ https://rumt-zh.com/speed/performance?dnsLookup=0&tcp=290&ssl=288&ttfb=78&contentDownload=2&domParse=1490&resourceDownload=852&firstScreenTiming=0&id=9GkL9SLGjnYrr8bJd6&uin=&version=1.38.1&aid=8112c955-ec72-45ac-b994-e526a02be989&env=production&platform=3&netType=4&vp=0%20*%200&sr=1280%20*%20720&sessionId=session-1775951607776&from=https%3A%2F%2Fwebpage.qidian.qq.com%2Fqidian%2Fchatv3%2Fpc.html&referer=https%3A%2F%2Fscauzj.leykeji.com%2F:0
[  369814ms] [LOG] 🎯 目标: {nodeId: 1429488, duration: 374} @ chrome-extension://dhdgffkkebhmkfjojejmpbldmpobfkfo/userscript.html?name=%25F0%259F%258C%259F-%25E4%25BC%2598%25E9%259B%2585%25E5%25A4%25A7%25E5%25B8%2588-%25E5%25BC%2580%25E5%258F%2591%25E7%258E%25AF%25E5%25A2%2583%25EF%25BC%2588%25E5%25AE%259E%25E6%2597%25B6%25E8%25B0%2583%25E8%25AF%2595%25EF%25BC%2589.user.js&id=a241f440-a6c3-4afc-bd6a-75ffa1e051d2:659
[  369815ms] [LOG] 🌟 优雅大师启动 {nodeId: 1429488, duration: 374} @ chrome-extension://dhdgffkkebhmkfjojejmpbldmpobfkfo/userscript.html?name=%25F0%259F%258C%259F-%25E4%25BC%2598%25E9%259B%2585%25E5%25A4%25A7%25E5%25B8%2588-%25E5%25BC%2580%25E5%258F%2591%25E7%258E%25AF%25E5%25A2%2583%25EF%25BC%2588%25E5%25AE%259E%25E6%2597%25B6%25E8%25B0%2583%25E8%25AF%2595%25EF%25BC%2589.user.js&id=a241f440-a6c3-4afc-bd6a-75ffa1e051d2:522
[  369867ms] [LOG] ✅ 会话: undefined @ chrome-extension://dhdgffkkebhmkfjojejmpbldmpobfkfo/userscript.html?name=%25F0%259F%258C%259F-%25E4%25BC%2598%25E9%259B%2585%25E5%25A4%25A7%25E5%25B8%2588-%25E5%25BC%2580%25E5%258F%2591%25E7%258E%25AF%25E5%25A2%2583%25EF%25BC%2588%25E5%25AE%259E%25E6%2597%25B6%25E8%25B0%2583%25E8%25AF%2595%25EF%25BC%2589.user.js&id=a241f440-a6c3-4afc-bd6a-75ffa1e051d2:530
[  369868ms] [LOG] ⚡ 上报: 12次, 间隔2000ms, 跳跃30s @ chrome-extension://dhdgffkkebhmkfjojejmpbldmpobfkfo/userscript.html?name=%25F0%259F%258C%259F-%25E4%25BC%2598%25E9%259B%2585%25E5%25A4%25A7%25E5%25B8%2588-%25E5%25BC%2580%25E5%258F%2591%25E7%258E%25AF%25E5%25A2%2583%25EF%25BC%2588%25E5%25AE%259E%25E6%2597%25B6%25E8%25B0%2583%25E8%25AF%2595%25EF%25BC%2589.user.js&id=a241f440-a6c3-4afc-bd6a-75ffa1e051d2:537
[  395044ms] [LOG] ➡️  自动点击下一节 @ chrome-extension://dhdgffkkebhmkfjojejmpbldmpobfkfo/userscript.html?name=%25F0%259F%258C%259F-%25E4%25BC%2598%25E9%259B%2585%25E5%25A4%25A7%25E5%25B8%2588-%25E5%25BC%2580%25E5%258F%2591%25E7%258E%25AF%25E5%25A2%2583%25EF%25BC%2588%25E5%25AE%259E%25E6%2597%25B6%25E8%25B0%2583%25E8%25AF%2595%25EF%25BC%2589.user.js&id=a241f440-a6c3-4afc-bd6a-75ffa1e051d2:592
[  395048ms] [LOG] ✅ 完成！耗时: 25.2秒, 记录: 374秒 @ chrome-extension://dhdgffkkebhmkfjojejmpbldmpobfkfo/userscript.html?name=%25F0%259F%258C%259F-%25E4%25BC%2598%25E9%259B%2585%25E5%25A4%25A7%25E5%25B8%2588-%25E5%25BC%2580%25E5%258F%2591%25E7%258E%25AF%25E5%25A2%2583%25EF%25BC%2588%25E5%25AE%259E%25E6%2597%25B6%25E8%25B0%2583%25E8%25AF%2595%25EF%25BC%2589.user.js&id=a241f440-a6c3-4afc-bd6a-75ffa1e051d2:569
