[     322ms] [ERROR] Failed to load resource: the server responded with a status of 404 () @ https://scauzj.leykeji.com/static/home/images/ios_leykeji.png:0
[     322ms] [ERROR] Failed to load resource: the server responded with a status of 404 () @ https://scauzj.leykeji.com/static/home/images/android_leykeji.png:0
[     375ms] [ERROR] Failed to load resource: net::ERR_CONNECTION_RESET @ https://s4.cnzz.com/z_stat.php?id=1278629856&web_id=1278629856:0
[     398ms] [TIMEEND] SCRIPT RUN TIME[🌟 优雅大师 - 开发环境（实时调试）]: 0.83203125 ms @ chrome-extension://dhdgffkkebhmkfjojejmpbldmpobfkfo/userscript.html?name=%25F0%259F%258C%259F-%25E4%25BC%2598%25E9%259B%2585%25E5%25A4%25A7%25E5%25B8%2588-%25E5%25BC%2580%25E5%258F%2591%25E7%258E%25AF%25E5%25A2%2583%25EF%25BC%2588%25E5%25AE%259E%25E6%2597%25B6%25E8%25B0%2583%25E8%25AF%2595%25EF%25BC%2589.user.js&id=a241f440-a6c3-4afc-bd6a-75ffa1e051d2:1
[     551ms] [LOG] 同学，我们已经发现您具有相应的网络知识，了解浏览器的调试模式，这挺好的，以下是要对您说的一些警告信息。 @ https://scauzj.leykeji.com/static/user/js/video.js?v=1775997377:87
[     551ms] [LOG] 警告：请不要以任何取巧方式进行作弊刷课或帮助其他人刷课，系统已对所有课时的真实性进行统计计算评估，收集数据包括不限于（浏览器头，版本，播放器记录，登录时长，cookie,referer,ip追踪,终端平台，是否符是您的账号，登录过多少个账号，历史登录记录.. 等各种操作数据及ajax随机埋点），一经发现作弊轻则取消学时，重则取消成绩。 @ https://scauzj.leykeji.com/static/user/js/video.js?v=1775997377:88
[     752ms] [LOG] rest {appId: REDACTED_APPID, nonce: cff941d03609b449c828d3cb21d7b78a, timestamp: 1775997377, sign: 9e35a6c6caaa41dea8885d184ed678cd, status: true} @ https://scauzj.leykeji.com/static/user/js/video.js?v=1775997377:32
[     925ms] [ERROR] Failed to load resource: net::ERR_CONNECTION_RESET @ https://t.gdt.qq.com/conv/web/cookies/jsonp?cb=jsonp_cb_0_1775997349595_826&callback=jsonp_cb_0_1775997349595_826:0
[    3078ms] [ERROR] Failed to load resource: net::ERR_CONNECTION_RESET @ https://rumt-zh.com/collect/pv?from=https%3A%2F%2Fwebpage.qidian.qq.com%2Fqidian%2Fchatv3%2Fpc.html&id=9GkL9SLGjnYrr8bJd6&uin=&version=1.38.1&aid=8112c955-ec72-45ac-b994-e526a02be989&env=production&platform=3&netType=4&vp=0%20*%200&sr=1280%20*%20720&sessionId=session-1775997350971&referer=https%3A%2F%2Fscauzj.leykeji.com%2F:0
[    3297ms] [ERROR] Failed to load resource: net::ERR_CONNECTION_RESET @ https://rumt-zh.com/collect/whitelist?id=9GkL9SLGjnYrr8bJd6&uin=&version=1.38.1&aid=8112c955-ec72-45ac-b994-e526a02be989&env=production&platform=3&netType=4&vp=0%20*%200&sr=1280%20*%20720&sessionId=session-1775997350971&from=https%3A%2F%2Fwebpage.qidian.qq.com%2Fqidian%2Fchatv3%2Fpc.html&referer=https%3A%2F%2Fscauzj.leykeji.com%2F:0
[    3313ms] [ERROR] Failed to load resource: net::ERR_CONNECTION_RESET @ https://rumt-zh.com/collect/pv?from=https%3A%2F%2Fwebpage.qidian.qq.com%2Fqidian%2Fchatv3%2FstatusManager%2Findex.html%3Fkfuin%3D3009017937&id=vq4n2C4by1vw9Kvevq&uin=3009017937&version=1.38.1&aid=8112c955-ec72-45ac-b994-e526a02be989&env=production&platform=3&netType=4&vp=0%20*%200&sr=1280%20*%20720&sessionId=session-1775997351179&referer=https%3A%2F%2Fscauzj.leykeji.com%2F:0
[    3718ms] [ERROR] Failed to load resource: net::ERR_CONNECTION_RESET @ https://rumt-zh.com/collect/whitelist?id=vq4n2C4by1vw9Kvevq&uin=3009017937&version=1.38.1&aid=8112c955-ec72-45ac-b994-e526a02be989&env=production&platform=3&netType=4&vp=0%20*%200&sr=1280%20*%20720&sessionId=session-1775997351179&from=https%3A%2F%2Fwebpage.qidian.qq.com%2Fqidian%2Fchatv3%2FstatusManager%2Findex.html%3Fkfuin%3D3009017937&referer=https%3A%2F%2Fscauzj.leykeji.com%2F:0
[    4276ms] [LOG] ✅ 优雅大师UI创建成功 @ chrome-extension://dhdgffkkebhmkfjojejmpbldmpobfkfo/userscript.html?name=%25F0%259F%258C%259F-%25E4%25BC%2598%25E9%259B%2585%25E5%25A4%25A7%25E5%25B8%2588-%25E5%25BC%2580%25E5%258F%2591%25E7%258E%25AF%25E5%25A2%2583%25EF%25BC%2588%25E5%25AE%259E%25E6%2597%25B6%25E8%25B0%2583%25E8%25AF%2595%25EF%25BC%2589.user.js&id=a241f440-a6c3-4afc-bd6a-75ffa1e051d2:92
[    4276ms] [LOG] 🌟 优雅大师已就绪，点击"🚀 启动"开始 @ chrome-extension://dhdgffkkebhmkfjojejmpbldmpobfkfo/userscript.html?name=%25F0%259F%258C%259F-%25E4%25BC%2598%25E9%259B%2585%25E5%25A4%25A7%25E5%25B8%2588-%25E5%25BC%2580%25E5%258F%2591%25E7%258E%25AF%25E5%25A2%2583%25EF%25BC%2588%25E5%25AE%259E%25E6%2597%25B6%25E8%25B0%2583%25E8%25AF%2595%25EF%25BC%2589.user.js&id=a241f440-a6c3-4afc-bd6a-75ffa1e051d2:737
[    4777ms] [ERROR] Failed to load resource: net::ERR_CONNECTION_RESET @ https://rumt-zh.com/speed?id=9GkL9SLGjnYrr8bJd6&uin=&version=1.38.1&aid=8112c955-ec72-45ac-b994-e526a02be989&env=production&platform=3&netType=4&vp=0%20*%200&sr=1280%20*%20720&sessionId=session-1775997350971&from=https%3A%2F%2Fwebpage.qidian.qq.com%2Fqidian%2Fchatv3%2Fpc.html&referer=https%3A%2F%2Fscauzj.leykeji.com%2F:0
[    4861ms] [ERROR] Failed to load resource: net::ERR_CONNECTION_RESET @ https://rumt-zh.com/speed?id=vq4n2C4by1vw9Kvevq&uin=3009017937&version=1.38.1&aid=8112c955-ec72-45ac-b994-e526a02be989&env=production&platform=3&netType=4&vp=0%20*%200&sr=1280%20*%20720&sessionId=session-1775997351179&from=https%3A%2F%2Fwebpage.qidian.qq.com%2Fqidian%2Fchatv3%2FstatusManager%2Findex.html%3Fkfuin%3D3009017937&referer=https%3A%2F%2Fscauzj.leykeji.com%2F:0
[    4864ms] [ERROR] Failed to load resource: net::ERR_CONNECTION_RESET @ https://rumt-zh.com/collect?id=9GkL9SLGjnYrr8bJd6&uin=&version=1.38.1&aid=8112c955-ec72-45ac-b994-e526a02be989&env=production&platform=3&netType=4&vp=0%20*%200&sr=1280%20*%20720&sessionId=session-1775997350971&from=https%3A%2F%2Fwebpage.qidian.qq.com%2Fqidian%2Fchatv3%2Fpc.html&referer=https%3A%2F%2Fscauzj.leykeji.com%2F:0
[   14485ms] [ERROR] Failed to load resource: net::ERR_CONNECTION_RESET @ https://rumt-zh.com/speed/performance?dnsLookup=0&tcp=465&ssl=460&ttfb=106&contentDownload=4&domParse=1596&resourceDownload=471&firstScreenTiming=0&id=9GkL9SLGjnYrr8bJd6&uin=&version=1.38.1&aid=8112c955-ec72-45ac-b994-e526a02be989&env=production&platform=3&netType=4&vp=0%20*%200&sr=1280%20*%20720&sessionId=session-1775997350971&from=https%3A%2F%2Fwebpage.qidian.qq.com%2Fqidian%2Fchatv3%2Fpc.html&referer=https%3A%2F%2Fscauzj.leykeji.com%2F:0
[   15133ms] [ERROR] Failed to load resource: net::ERR_CONNECTION_RESET @ https://rumt-zh.com/speed/performance?dnsLookup=0&tcp=464&ssl=459&ttfb=111&contentDownload=47&domParse=1594&resourceDownload=12&firstScreenTiming=0&id=vq4n2C4by1vw9Kvevq&uin=3009017937&version=1.38.1&aid=8112c955-ec72-45ac-b994-e526a02be989&env=production&platform=3&netType=4&vp=0%20*%200&sr=1280%20*%20720&sessionId=session-1775997351179&from=https%3A%2F%2Fwebpage.qidian.qq.com%2Fqidian%2Fchatv3%2FstatusManager%2Findex.html%3Fkfuin%3D3009017937&referer=https%3A%2F%2Fscauzj.leykeji.com%2F:0
[ 1043267ms] [LOG] 测试注入 @ :0
[ 1383887ms] [LOG] ✅ GM API Mock 已注入 @ :58
[ 1454252ms] [LOG] GM Mock 测试结果: testValue @ :4
[ 1730561ms] [ERROR] Failed to load resource: net::ERR_CONNECTION_RESET @ https://scauzj.leykeji.com/user/online:0
[ 2496265ms] [LOG] ✅ 配置管理器加载完成 @ :60
[ 3034280ms] [LOG] ✅ UI构建器加载完成 @ :454
[ 3236596ms] [LOG] ✅ 机器人引擎和主控制器加载完成 @ :214
[ 3338380ms] [LOG] ✅ 优雅大师脚本完全注入成功！ @ :58
[ 3338886ms] ReferenceError: ConfigManager is not defined
    at init (eval at evaluate (:302:30), <anonymous>:10:27)
[ 3819998ms] [LOG] ✅ 优雅大师脚本完全注入成功！ @ :279
[ 3820509ms] TypeError: this.buildAdvancedSection is not a function
    at UIBuilder.buildContentWrapper (eval at <anonymous> (eval at evaluate (:302:30)), <anonymous>:126:38)
    at UIBuilder.create (eval at <anonymous> (eval at evaluate (:302:30)), <anonymous>:77:41)
    at init (eval at <anonymous> (eval at evaluate (:302:30)), <anonymous>:259:12)
[ 4231821ms] [LOG] 🎯 目标: {nodeId: 1429487, duration: 440} @ chrome-extension://dhdgffkkebhmkfjojejmpbldmpobfkfo/userscript.html?name=%25F0%259F%258C%259F-%25E4%25BC%2598%25E9%259B%2585%25E5%25A4%25A7%25E5%25B8%2588-%25E5%25BC%2580%25E5%258F%2591%25E7%258E%25AF%25E5%25A2%2583%25EF%25BC%2588%25E5%25AE%259E%25E6%2597%25B6%25E8%25B0%2583%25E8%25AF%2595%25EF%25BC%2589.user.js&id=a241f440-a6c3-4afc-bd6a-75ffa1e051d2:659
[ 4231823ms] [LOG] 🌟 优雅大师启动 {nodeId: 1429487, duration: 440} @ chrome-extension://dhdgffkkebhmkfjojejmpbldmpobfkfo/userscript.html?name=%25F0%259F%258C%259F-%25E4%25BC%2598%25E9%259B%2585%25E5%25A4%25A7%25E5%25B8%2588-%25E5%25BC%2580%25E5%258F%2591%25E7%258E%25AF%25E5%25A2%2583%25EF%25BC%2588%25E5%25AE%259E%25E6%2597%25B6%25E8%25B0%2583%25E8%25AF%2595%25EF%25BC%2589.user.js&id=a241f440-a6c3-4afc-bd6a-75ffa1e051d2:522
[ 4231944ms] [LOG] ✅ 会话: undefined @ chrome-extension://dhdgffkkebhmkfjojejmpbldmpobfkfo/userscript.html?name=%25F0%259F%258C%259F-%25E4%25BC%2598%25E9%259B%2585%25E5%25A4%25A7%25E5%25B8%2588-%25E5%25BC%2580%25E5%258F%2591%25E7%258E%25AF%25E5%25A2%2583%25EF%25BC%2588%25E5%25AE%259E%25E6%2597%25B6%25E8%25B0%2583%25E8%25AF%2595%25EF%25BC%2589.user.js&id=a241f440-a6c3-4afc-bd6a-75ffa1e051d2:530
[ 4231944ms] [LOG] ⚡ 上报: 15次, 间隔2000ms, 跳跃30s @ chrome-extension://dhdgffkkebhmkfjojejmpbldmpobfkfo/userscript.html?name=%25F0%259F%258C%259F-%25E4%25BC%2598%25E9%259B%2585%25E5%25A4%25A7%25E5%25B8%2588-%25E5%25BC%2580%25E5%258F%2591%25E7%258E%25AF%25E5%25A2%2583%25EF%25BC%2588%25E5%25AE%259E%25E6%2597%25B6%25E8%25B0%2583%25E8%25AF%2595%25EF%25BC%2589.user.js&id=a241f440-a6c3-4afc-bd6a-75ffa1e051d2:537
[ 4267584ms] [LOG] ➡️  自动点击下一节 @ chrome-extension://dhdgffkkebhmkfjojejmpbldmpobfkfo/userscript.html?name=%25F0%259F%258C%259F-%25E4%25BC%2598%25E9%259B%2585%25E5%25A4%25A7%25E5%25B8%2588-%25E5%25BC%2580%25E5%258F%2591%25E7%258E%25AF%25E5%25A2%2583%25EF%25BC%2588%25E5%25AE%259E%25E6%2597%25B6%25E8%25B0%2583%25E8%25AF%2595%25EF%25BC%2589.user.js&id=a241f440-a6c3-4afc-bd6a-75ffa1e051d2:592
[ 4267588ms] [LOG] ✅ 完成！耗时: 35.8秒, 记录: 440秒 @ chrome-extension://dhdgffkkebhmkfjojejmpbldmpobfkfo/userscript.html?name=%25F0%259F%258C%259F-%25E4%25BC%2598%25E9%259B%2585%25E5%25A4%25A7%25E5%25B8%2588-%25E5%25BC%2580%25E5%258F%2591%25E7%258E%25AF%25E5%25A2%2583%25EF%25BC%2588%25E5%25AE%259E%25E6%2597%25B6%25E8%25B0%2583%25E8%25AF%2595%25EF%25BC%2589.user.js&id=a241f440-a6c3-4afc-bd6a-75ffa1e051d2:569
