[     267ms] [ERROR] Failed to load resource: the server responded with a status of 404 () @ https://scauzj.leykeji.com/static/home/images/android_leykeji.png:0
[     312ms] [ERROR] Failed to load resource: the server responded with a status of 404 () @ https://scauzj.leykeji.com/static/home/images/ios_leykeji.png:0
[     337ms] [ERROR] Failed to load resource: net::ERR_CONNECTION_RESET @ https://s4.cnzz.com/z_stat.php?id=1278629856&web_id=1278629856:0
[     353ms] [TIMEEND] SCRIPT RUN TIME[🌟 优雅大师 - 开发环境（实时调试）]: 0.77490234375 ms @ chrome-extension://dhdgffkkebhmkfjojejmpbldmpobfkfo/userscript.html?name=%25F0%259F%258C%259F-%25E4%25BC%2598%25E9%259B%2585%25E5%25A4%25A7%25E5%25B8%2588-%25E5%25BC%2580%25E5%258F%2591%25E7%258E%25AF%25E5%25A2%2583%25EF%25BC%2588%25E5%25AE%259E%25E6%2597%25B6%25E8%25B0%2583%25E8%25AF%2595%25EF%25BC%2589.user.js&id=a241f440-a6c3-4afc-bd6a-75ffa1e051d2:1
[     498ms] [LOG] 同学，我们已经发现您具有相应的网络知识，了解浏览器的调试模式，这挺好的，以下是要对您说的一些警告信息。 @ https://scauzj.leykeji.com/static/user/js/video.js?v=1776006458:87
[     498ms] [LOG] 警告：请不要以任何取巧方式进行作弊刷课或帮助其他人刷课，系统已对所有课时的真实性进行统计计算评估，收集数据包括不限于（浏览器头，版本，播放器记录，登录时长，cookie,referer,ip追踪,终端平台，是否符是您的账号，登录过多少个账号，历史登录记录.. 等各种操作数据及ajax随机埋点），一经发现作弊轻则取消学时，重则取消成绩。 @ https://scauzj.leykeji.com/static/user/js/video.js?v=1776006458:88
[     631ms] [LOG] rest {appId: REDACTED_APPID, nonce: 3fc958fe0b9454ef0cda4015c8a53f21, timestamp: 1776006459, sign: 91cd8563dd1c3bf581de5d19768b678f, status: true} @ https://scauzj.leykeji.com/static/user/js/video.js?v=1776006458:32
[    1219ms] [ERROR] Failed to load resource: net::ERR_CONNECTION_RESET @ https://t.gdt.qq.com/conv/web/cookies/jsonp?cb=jsonp_cb_0_1776006431734_66&callback=jsonp_cb_0_1776006431734_66:0
[    2453ms] [ERROR] Failed to load resource: net::ERR_CONNECTION_RESET @ https://rumt-zh.com/collect/pv?from=https%3A%2F%2Fwebpage.qidian.qq.com%2Fqidian%2Fchatv3%2Fpc.html&id=9GkL9SLGjnYrr8bJd6&uin=&version=1.38.1&aid=8112c955-ec72-45ac-b994-e526a02be989&env=production&platform=3&netType=4&vp=0%20*%200&sr=1280%20*%20720&sessionId=session-1776006432949&referer=https%3A%2F%2Fscauzj.leykeji.com%2F:0
[    3046ms] [ERROR] Failed to load resource: net::ERR_CONNECTION_RESET @ https://rumt-zh.com/collect/pv?from=https%3A%2F%2Fwebpage.qidian.qq.com%2Fqidian%2Fchatv3%2FstatusManager%2Findex.html%3Fkfuin%3D3009017937&id=vq4n2C4by1vw9Kvevq&uin=3009017937&version=1.38.1&aid=8112c955-ec72-45ac-b994-e526a02be989&env=production&platform=3&netType=4&vp=0%20*%200&sr=1280%20*%20720&sessionId=session-1776006433405&referer=https%3A%2F%2Fscauzj.leykeji.com%2F:0
[    3110ms] [ERROR] Failed to load resource: net::ERR_CONNECTION_RESET @ https://rumt-zh.com/collect/whitelist?id=9GkL9SLGjnYrr8bJd6&uin=&version=1.38.1&aid=8112c955-ec72-45ac-b994-e526a02be989&env=production&platform=3&netType=4&vp=0%20*%200&sr=1280%20*%20720&sessionId=session-1776006432949&from=https%3A%2F%2Fwebpage.qidian.qq.com%2Fqidian%2Fchatv3%2Fpc.html&referer=https%3A%2F%2Fscauzj.leykeji.com%2F:0
[    3119ms] [ERROR] Failed to load resource: net::ERR_CONNECTION_RESET @ https://rumt-zh.com/collect/whitelist?id=vq4n2C4by1vw9Kvevq&uin=3009017937&version=1.38.1&aid=8112c955-ec72-45ac-b994-e526a02be989&env=production&platform=3&netType=4&vp=0%20*%200&sr=1280%20*%20720&sessionId=session-1776006433405&from=https%3A%2F%2Fwebpage.qidian.qq.com%2Fqidian%2Fchatv3%2FstatusManager%2Findex.html%3Fkfuin%3D3009017937&referer=https%3A%2F%2Fscauzj.leykeji.com%2F:0
[    4451ms] [LOG] ✅ 优雅大师UI创建成功 @ chrome-extension://dhdgffkkebhmkfjojejmpbldmpobfkfo/userscript.html?name=%25F0%259F%258C%259F-%25E4%25BC%2598%25E9%259B%2585%25E5%25A4%25A7%25E5%25B8%2588-%25E5%25BC%2580%25E5%258F%2591%25E7%258E%25AF%25E5%25A2%2583%25EF%25BC%2588%25E5%25AE%259E%25E6%2597%25B6%25E8%25B0%2583%25E8%25AF%2595%25EF%25BC%2589.user.js&id=a241f440-a6c3-4afc-bd6a-75ffa1e051d2:92
[    4451ms] [LOG] 🌟 优雅大师已就绪，点击"🚀 启动"开始 @ chrome-extension://dhdgffkkebhmkfjojejmpbldmpobfkfo/userscript.html?name=%25F0%259F%258C%259F-%25E4%25BC%2598%25E9%259B%2585%25E5%25A4%25A7%25E5%25B8%2588-%25E5%25BC%2580%25E5%258F%2591%25E7%258E%25AF%25E5%25A2%2583%25EF%25BC%2588%25E5%25AE%259E%25E6%2597%25B6%25E8%25B0%2583%25E8%25AF%2595%25EF%25BC%2589.user.js&id=a241f440-a6c3-4afc-bd6a-75ffa1e051d2:737
[    4548ms] [ERROR] Failed to load resource: net::ERR_CONNECTION_RESET @ https://rumt-zh.com/speed?id=vq4n2C4by1vw9Kvevq&uin=3009017937&version=1.38.1&aid=8112c955-ec72-45ac-b994-e526a02be989&env=production&platform=3&netType=4&vp=0%20*%200&sr=1280%20*%20720&sessionId=session-1776006433405&from=https%3A%2F%2Fwebpage.qidian.qq.com%2Fqidian%2Fchatv3%2FstatusManager%2Findex.html%3Fkfuin%3D3009017937&referer=https%3A%2F%2Fscauzj.leykeji.com%2F:0
[    4937ms] [ERROR] Failed to load resource: net::ERR_CONNECTION_RESET @ https://rumt-zh.com/speed?id=9GkL9SLGjnYrr8bJd6&uin=&version=1.38.1&aid=8112c955-ec72-45ac-b994-e526a02be989&env=production&platform=3&netType=4&vp=0%20*%200&sr=1280%20*%20720&sessionId=session-1776006432949&from=https%3A%2F%2Fwebpage.qidian.qq.com%2Fqidian%2Fchatv3%2Fpc.html&referer=https%3A%2F%2Fscauzj.leykeji.com%2F:0
[    4955ms] [ERROR] Failed to load resource: net::ERR_CONNECTION_RESET @ https://rumt-zh.com/collect?id=9GkL9SLGjnYrr8bJd6&uin=&version=1.38.1&aid=8112c955-ec72-45ac-b994-e526a02be989&env=production&platform=3&netType=4&vp=0%20*%200&sr=1280%20*%20720&sessionId=session-1776006432949&from=https%3A%2F%2Fwebpage.qidian.qq.com%2Fqidian%2Fchatv3%2Fpc.html&referer=https%3A%2F%2Fscauzj.leykeji.com%2F:0
[   14467ms] [ERROR] Failed to load resource: net::ERR_CONNECTION_RESET @ https://rumt-zh.com/speed/performance?dnsLookup=0&tcp=222&ssl=220&ttfb=120&contentDownload=1&domParse=1130&resourceDownload=883&firstScreenTiming=0&id=9GkL9SLGjnYrr8bJd6&uin=&version=1.38.1&aid=8112c955-ec72-45ac-b994-e526a02be989&env=production&platform=3&netType=4&vp=0%20*%200&sr=1280%20*%20720&sessionId=session-1776006432949&from=https%3A%2F%2Fwebpage.qidian.qq.com%2Fqidian%2Fchatv3%2Fpc.html&referer=https%3A%2F%2Fscauzj.leykeji.com%2F:0
[   14934ms] [ERROR] Failed to load resource: net::ERR_CONNECTION_RESET @ https://rumt-zh.com/speed/performance?dnsLookup=0&tcp=320&ssl=317&ttfb=63&contentDownload=4&domParse=907&resourceDownload=4&firstScreenTiming=0&id=vq4n2C4by1vw9Kvevq&uin=3009017937&version=1.38.1&aid=8112c955-ec72-45ac-b994-e526a02be989&env=production&platform=3&netType=4&vp=0%20*%200&sr=1280%20*%20720&sessionId=session-1776006433405&from=https%3A%2F%2Fwebpage.qidian.qq.com%2Fqidian%2Fchatv3%2FstatusManager%2Findex.html%3Fkfuin%3D3009017937&referer=https%3A%2F%2Fscauzj.leykeji.com%2F:0
[  340517ms] [LOG] ✅ GM Mock 已注入 @ :28
[  850820ms] [ERROR] Failed to load resource: net::ERR_CONNECTION_RESET @ https://scauzj.leykeji.com/user/online:0
[ 2818415ms] [LOG] GM Mock存在: {} @ :3
[ 2818416ms] [LOG] GM API: [GM_getValue, GM_setValue, GM_addStyle, GM_log] @ :4
[ 2818417ms] [LOG] 存储内容: {} @ :5
[ 2818418ms] [LOG] 刷课助手UI存在: false @ :9
[ 2907116ms] [LOG] ✅ GM API Mock 已注入 @ :61
[ 3480512ms] [ERROR] Failed to load resource: net::ERR_CONNECTION_RESET @ https://scauzj.leykeji.com/user/online:0
[ 5176407ms] [LOG] 脚本已存在: undefined @ :3
[ 6095445ms] [LOG] ✅ 动态加载器已创建 @ :21
[ 6119065ms] [ERROR] Access to XMLHttpRequest at 'http://localhost:8080/docs/hot_reload/main.js' from origin 'https://scauzj.leykeji.com' has been blocked by CORS policy: No 'Access-Control-Allow-Origin' header is present on the requested resource. @ https://scauzj.leykeji.com/user/node?nodeId=1429487:0
[ 6119068ms] [ERROR] Failed to load resource: net::ERR_FAILED @ http://localhost:8080/docs/hot_reload/main.js:0
[ 6367898ms] [LOG] UI已存在，无需重复创建 @ :4
[ 6391943ms] [LOG] 🎯 目标: {nodeId: 1429487, duration: 440} @ chrome-extension://dhdgffkkebhmkfjojejmpbldmpobfkfo/userscript.html?name=%25F0%259F%258C%259F-%25E4%25BC%2598%25E9%259B%2585%25E5%25A4%25A7%25E5%25B8%2588-%25E5%25BC%2580%25E5%258F%2591%25E7%258E%25AF%25E5%25A2%2583%25EF%25BC%2588%25E5%25AE%259E%25E6%2597%25B6%25E8%25B0%2583%25E8%25AF%2595%25EF%25BC%2589.user.js&id=a241f440-a6c3-4afc-bd6a-75ffa1e051d2:659
[ 6391950ms] [LOG] 🌟 优雅大师启动 {nodeId: 1429487, duration: 440} @ chrome-extension://dhdgffkkebhmkfjojejmpbldmpobfkfo/userscript.html?name=%25F0%259F%258C%259F-%25E4%25BC%2598%25E9%259B%2585%25E5%25A4%25A7%25E5%25B8%2588-%25E5%25BC%2580%25E5%258F%2591%25E7%258E%25AF%25E5%25A2%2583%25EF%25BC%2588%25E5%25AE%259E%25E6%2597%25B6%25E8%25B0%2583%25E8%25AF%2595%25EF%25BC%2589.user.js&id=a241f440-a6c3-4afc-bd6a-75ffa1e051d2:522
[ 6392043ms] [LOG] ✅ 会话: undefined @ chrome-extension://dhdgffkkebhmkfjojejmpbldmpobfkfo/userscript.html?name=%25F0%259F%258C%259F-%25E4%25BC%2598%25E9%259B%2585%25E5%25A4%25A7%25E5%25B8%2588-%25E5%25BC%2580%25E5%258F%2591%25E7%258E%25AF%25E5%25A2%2583%25EF%25BC%2588%25E5%25AE%259E%25E6%2597%25B6%25E8%25B0%2583%25E8%25AF%2595%25EF%25BC%2589.user.js&id=a241f440-a6c3-4afc-bd6a-75ffa1e051d2:530
[ 6392044ms] [LOG] ⚡ 上报: 15次, 间隔2000ms, 跳跃30s @ chrome-extension://dhdgffkkebhmkfjojejmpbldmpobfkfo/userscript.html?name=%25F0%259F%258C%259F-%25E4%25BC%2598%25E9%259B%2585%25E5%25A4%25A7%25E5%25B8%2588-%25E5%25BC%2580%25E5%258F%2591%25E7%258E%25AF%25E5%25A2%2583%25EF%25BC%2588%25E5%25AE%259E%25E6%2597%25B6%25E8%25B0%2583%25E8%25AF%2595%25EF%25BC%2589.user.js&id=a241f440-a6c3-4afc-bd6a-75ffa1e051d2:537
[ 6423773ms] [LOG] ➡️  自动点击下一节 @ chrome-extension://dhdgffkkebhmkfjojejmpbldmpobfkfo/userscript.html?name=%25F0%259F%258C%259F-%25E4%25BC%2598%25E9%259B%2585%25E5%25A4%25A7%25E5%25B8%2588-%25E5%25BC%2580%25E5%258F%2591%25E7%258E%25AF%25E5%25A2%2583%25EF%25BC%2588%25E5%25AE%259E%25E6%2597%25B6%25E8%25B0%2583%25E8%25AF%2595%25EF%25BC%2589.user.js&id=a241f440-a6c3-4afc-bd6a-75ffa1e051d2:592
[ 6423780ms] [LOG] ✅ 完成！耗时: 31.8秒, 记录: 440秒 @ chrome-extension://dhdgffkkebhmkfjojejmpbldmpobfkfo/userscript.html?name=%25F0%259F%258C%259F-%25E4%25BC%2598%25E9%259B%2585%25E5%25A4%25A7%25E5%25B8%2588-%25E5%25BC%2580%25E5%258F%2591%25E7%258E%25AF%25E5%25A2%2583%25EF%25BC%2588%25E5%25AE%259E%25E6%2597%25B6%25E8%25B0%2583%25E8%25AF%2595%25EF%25BC%2589.user.js&id=a241f440-a6c3-4afc-bd6a-75ffa1e051d2:569
[ 6478173ms] [LOG] 自动下一节状态: true @ :4
[ 6478173ms] [LOG] ➡️ 自动下一节已启用，模拟完成刷课 @ :8
[ 6480189ms] [LOG] 自动跳转到下一节: 1429488 @ :23
[ 6520657ms] [LOG] 🔍 红队测试：发现漏洞 - 进度显示异常（102%） @ :2
[ 6520664ms] TypeError: Cannot read properties of undefined (reading 'ui')
    at <anonymous>:3:58
    at eval (eval at evaluate (:302:30), <anonymous>:23:19)
    at UtilityScript.evaluate (<anonymous>:304:16)
    at UtilityScript.<anonymous> (<anonymous>:1:44)
[ 6521673ms] [LOG] 🧪 测试修复效果 @ :26
[ 6521675ms] TypeError: Cannot read properties of undefined (reading 'ui')
    at eval (eval at evaluate (:302:30), <anonymous>:28:29)
[ 6806253ms] [LOG] 🚀 开始长程自动化稳定性测试 @ :1
[ 6806253ms] [LOG] 当前节点: 1429487 @ :6
[ 6806253ms] [LOG] 引擎状态: 未就绪 @ :10
[ 6806253ms] [LOG] 自动下一节: 已启用 @ :14
[ 6900640ms] [LOG] 🎯 开始多节课刷课稳定性测试 @ :1
[ 6900641ms] [LOG] 🔄 重新初始化脚本引擎 @ :5
[ 6900641ms] [LOG] 📋 测试配置: {maxCourses: 5, delayBetweenCourses: 3000, monitorInterval: 1000} @ :29
[ 6901645ms] [LOG] 📚 开始第1节课刷课 @ :33
[ 6901646ms] [LOG] 🎯 目标: {nodeId: 1429487, duration: 440} @ chrome-extension://dhdgffkkebhmkfjojejmpbldmpobfkfo/userscript.html?name=%25F0%259F%258C%259F-%25E4%25BC%2598%25E9%259B%2585%25E5%25A4%25A7%25E5%25B8%2588-%25E5%25BC%2580%25E5%258F%2591%25E7%258E%25AF%25E5%25A2%2583%25EF%25BC%2588%25E5%25AE%259E%25E6%2597%25B6%25E8%25B0%2583%25E8%25AF%2595%25EF%25BC%2589.user.js&id=a241f440-a6c3-4afc-bd6a-75ffa1e051d2:659
[ 6901647ms] [LOG] 🌟 优雅大师启动 {nodeId: 1429487, duration: 440} @ chrome-extension://dhdgffkkebhmkfjojejmpbldmpobfkfo/userscript.html?name=%25F0%259F%258C%259F-%25E4%25BC%2598%25E9%259B%2585%25E5%25A4%25A7%25E5%25B8%2588-%25E5%25BC%2580%25E5%258F%2591%25E7%258E%25AF%25E5%25A2%2583%25EF%25BC%2588%25E5%25AE%259E%25E6%2597%25B6%25E8%25B0%2583%25E8%25AF%2595%25EF%25BC%2589.user.js&id=a241f440-a6c3-4afc-bd6a-75ffa1e051d2:522
[ 6902053ms] [LOG] ✅ 会话: undefined @ chrome-extension://dhdgffkkebhmkfjojejmpbldmpobfkfo/userscript.html?name=%25F0%259F%258C%259F-%25E4%25BC%2598%25E9%259B%2585%25E5%25A4%25A7%25E5%25B8%2588-%25E5%25BC%2580%25E5%258F%2591%25E7%258E%25AF%25E5%25A2%2583%25EF%25BC%2588%25E5%25AE%259E%25E6%2597%25B6%25E8%25B0%2583%25E8%25AF%2595%25EF%25BC%2589.user.js&id=a241f440-a6c3-4afc-bd6a-75ffa1e051d2:530
[ 6902053ms] [LOG] ⚡ 上报: 14次, 间隔2000ms, 跳跃30s @ chrome-extension://dhdgffkkebhmkfjojejmpbldmpobfkfo/userscript.html?name=%25F0%259F%258C%259F-%25E4%25BC%2598%25E9%259B%2585%25E5%25A4%25A7%25E5%25B8%2588-%25E5%25BC%2580%25E5%258F%2591%25E7%258E%25AF%25E5%25A2%2583%25EF%25BC%2588%25E5%25AE%259E%25E6%2597%25B6%25E8%25B0%2583%25E8%25AF%2595%25EF%25BC%2589.user.js&id=a241f440-a6c3-4afc-bd6a-75ffa1e051d2:537
[ 6923556ms] [ERROR] Failed to load resource: net::ERR_CONNECTION_RESET @ https://scauzj.leykeji.com/user/node/study:0
[ 6945592ms] [ERROR] Failed to load resource: net::ERR_CONNECTION_RESET @ https://scauzj.leykeji.com/user/node/study:0
[ 6967611ms] [ERROR] Failed to load resource: net::ERR_CONNECTION_RESET @ https://scauzj.leykeji.com/user/node/study:0
[ 6980829ms] [ERROR] Failed to load resource: net::ERR_CONNECTION_RESET @ https://scauzj.leykeji.com/user/online:0
[ 6989640ms] [ERROR] Failed to load resource: net::ERR_CONNECTION_RESET @ https://scauzj.leykeji.com/user/node/study:0
[ 7011711ms] [ERROR] Failed to load resource: net::ERR_CONNECTION_RESET @ https://scauzj.leykeji.com/user/node/study:0
[ 7031722ms] [ERROR] Failed to load resource: net::ERR_CONNECTION_RESET @ https://scauzj.leykeji.com/user/node/study:0
[ 7033738ms] [LOG] ➡️  自动点击下一节 @ chrome-extension://dhdgffkkebhmkfjojejmpbldmpobfkfo/userscript.html?name=%25F0%259F%258C%259F-%25E4%25BC%2598%25E9%259B%2585%25E5%25A4%25A7%25E5%25B8%2588-%25E5%25BC%2580%25E5%258F%2591%25E7%258E%25AF%25E5%25A2%2583%25EF%25BC%2588%25E5%25AE%259E%25E6%2597%25B6%25E8%25B0%2583%25E8%25AF%2595%25EF%25BC%2589.user.js&id=a241f440-a6c3-4afc-bd6a-75ffa1e051d2:592
[ 7033741ms] [LOG] ✅ 完成！耗时: 132.1秒, 记录: 440秒 @ chrome-extension://dhdgffkkebhmkfjojejmpbldmpobfkfo/userscript.html?name=%25F0%259F%258C%259F-%25E4%25BC%2598%25E9%259B%2585%25E5%25A4%25A7%25E5%25B8%2588-%25E5%25BC%2580%25E5%258F%2591%25E7%258E%25AF%25E5%25A2%2583%25EF%25BC%2588%25E5%25AE%259E%25E6%2597%25B6%25E8%25B0%2583%25E8%25AF%2595%25EF%25BC%2589.user.js&id=a241f440-a6c3-4afc-bd6a-75ffa1e051d2:569
[ 7053753ms] [ERROR] Failed to load resource: net::ERR_CONNECTION_RESET @ https://scauzj.leykeji.com/user/node_discuss/reply?courseId=1011601&nodeId=1429487&page=3&_=1776006430847:0
[ 7080520ms] [ERROR] Failed to load resource: net::ERR_CONNECTION_RESET @ https://scauzj.leykeji.com/user/online:0
[ 7283472ms] [LOG] 🔧 开始热更新修复 @ :1
[ 7283474ms] [LOG] ✅ UI状态已同步 @ :28
[ 7283474ms] [LOG] ✅ 所有热更新修复已应用 @ :68
[ 7284477ms] [LOG] ✅ UI状态已同步 @ :28
[ 7285477ms] [LOG] ✅ UI状态已同步 @ :28
[ 7285477ms] [LOG] 🧪 测试修复效果 @ :72
[ 7286485ms] [LOG] ✅ UI状态已同步 @ :28
[ 7287483ms] [LOG] ✅ UI状态已同步 @ :28
[ 7288482ms] [LOG] ✅ UI状态已同步 @ :28
[ 7289477ms] [LOG] ✅ UI状态已同步 @ :28
[ 7290476ms] [LOG] ✅ UI状态已同步 @ :28
[ 7291489ms] [LOG] ✅ UI状态已同步 @ :28
[ 7292485ms] [LOG] ✅ UI状态已同步 @ :28
[ 7293487ms] [LOG] ✅ UI状态已同步 @ :28
[ 7294484ms] [LOG] ✅ UI状态已同步 @ :28
[ 7295481ms] [LOG] ✅ UI状态已同步 @ :28
[ 7296478ms] [LOG] ✅ UI状态已同步 @ :28
[ 7297482ms] [LOG] ✅ UI状态已同步 @ :28
[ 7298477ms] [LOG] ✅ UI状态已同步 @ :28
[ 7299486ms] [LOG] ✅ UI状态已同步 @ :28
[ 7300484ms] [LOG] ✅ UI状态已同步 @ :28
[ 7301482ms] [LOG] ✅ UI状态已同步 @ :28
[ 7302479ms] [LOG] ✅ UI状态已同步 @ :28
[ 7303478ms] [LOG] ✅ UI状态已同步 @ :28
[ 7304477ms] [LOG] ✅ UI状态已同步 @ :28
[ 7305488ms] [LOG] ✅ UI状态已同步 @ :28
[ 7306485ms] [LOG] ✅ UI状态已同步 @ :28
[ 7307480ms] [LOG] ✅ UI状态已同步 @ :28
[ 7308478ms] [LOG] ✅ UI状态已同步 @ :28
[ 7309477ms] [LOG] ✅ UI状态已同步 @ :28
[ 7310487ms] [LOG] ✅ UI状态已同步 @ :28
[ 7311483ms] [LOG] ✅ UI状态已同步 @ :28
[ 7312477ms] [LOG] ✅ UI状态已同步 @ :28
[ 7313477ms] [LOG] ✅ UI状态已同步 @ :28
[ 7314476ms] [LOG] ✅ UI状态已同步 @ :28
[ 7315486ms] [LOG] ✅ UI状态已同步 @ :28
[ 7316490ms] [LOG] ✅ UI状态已同步 @ :28
[ 7317484ms] [LOG] ✅ UI状态已同步 @ :28
[ 7318482ms] [LOG] ✅ UI状态已同步 @ :28
[ 7319480ms] [LOG] ✅ UI状态已同步 @ :28
[ 7320480ms] [LOG] ✅ UI状态已同步 @ :28
[ 7321474ms] [LOG] ✅ UI状态已同步 @ :28
[ 7322486ms] [LOG] ✅ UI状态已同步 @ :28
[ 7323485ms] [LOG] ✅ UI状态已同步 @ :28
[ 7324484ms] [LOG] ✅ UI状态已同步 @ :28
[ 7325478ms] [LOG] ✅ UI状态已同步 @ :28
[ 7326488ms] [LOG] ✅ UI状态已同步 @ :28
[ 7327490ms] [LOG] ✅ UI状态已同步 @ :28
[ 7328482ms] [LOG] ✅ UI状态已同步 @ :28
[ 7329489ms] [LOG] ✅ UI状态已同步 @ :28
[ 7330480ms] [LOG] ✅ UI状态已同步 @ :28
[ 7331487ms] [LOG] ✅ UI状态已同步 @ :28
[ 7332481ms] [LOG] ✅ UI状态已同步 @ :28
[ 7333476ms] [LOG] ✅ UI状态已同步 @ :28
[ 7334480ms] [LOG] ✅ UI状态已同步 @ :28
[ 7335479ms] [LOG] ✅ UI状态已同步 @ :28
[ 7336476ms] [LOG] ✅ UI状态已同步 @ :28
[ 7337486ms] [LOG] ✅ UI状态已同步 @ :28
[ 7338477ms] [LOG] ✅ UI状态已同步 @ :28
[ 7339475ms] [LOG] ✅ UI状态已同步 @ :28
[ 7340485ms] [LOG] ✅ UI状态已同步 @ :28
[ 7341482ms] [LOG] ✅ UI状态已同步 @ :28
[ 7342478ms] [LOG] ✅ UI状态已同步 @ :28
[ 7343475ms] [LOG] ✅ UI状态已同步 @ :28
[ 7344488ms] [LOG] ✅ UI状态已同步 @ :28
[ 7345485ms] [LOG] ✅ UI状态已同步 @ :28
[ 7346482ms] [LOG] ✅ UI状态已同步 @ :28
[ 7347478ms] [LOG] ✅ UI状态已同步 @ :28
[ 7348476ms] [LOG] ✅ UI状态已同步 @ :28
[ 7349475ms] [LOG] ✅ UI状态已同步 @ :28
[ 7350488ms] [LOG] ✅ UI状态已同步 @ :28
[ 7351480ms] [LOG] ✅ UI状态已同步 @ :28
[ 7352487ms] [LOG] ✅ UI状态已同步 @ :28
[ 7353486ms] [LOG] ✅ UI状态已同步 @ :28
[ 7354485ms] [LOG] ✅ UI状态已同步 @ :28
[ 7355481ms] [LOG] ✅ UI状态已同步 @ :28
[ 7356479ms] [LOG] ✅ UI状态已同步 @ :28
[ 7357477ms] [LOG] ✅ UI状态已同步 @ :28
[ 7358476ms] [LOG] ✅ UI状态已同步 @ :28
[ 7359488ms] [LOG] ✅ UI状态已同步 @ :28
[ 7360488ms] [LOG] ✅ UI状态已同步 @ :28
[ 7361483ms] [LOG] ✅ UI状态已同步 @ :28
[ 7362480ms] [LOG] ✅ UI状态已同步 @ :28
[ 7363478ms] [LOG] ✅ UI状态已同步 @ :28
[ 7364486ms] [LOG] ✅ UI状态已同步 @ :28
[ 7365478ms] [LOG] ✅ UI状态已同步 @ :28
[ 7366489ms] [LOG] ✅ UI状态已同步 @ :28
[ 7367488ms] [LOG] ✅ UI状态已同步 @ :28
[ 7368484ms] [LOG] ✅ UI状态已同步 @ :28
[ 7369482ms] [LOG] ✅ UI状态已同步 @ :28
[ 7370480ms] [LOG] ✅ UI状态已同步 @ :28
[ 7371479ms] [LOG] ✅ UI状态已同步 @ :28
[ 7372490ms] [LOG] ✅ UI状态已同步 @ :28
[ 7373485ms] [LOG] ✅ UI状态已同步 @ :28
[ 7374481ms] [LOG] ✅ UI状态已同步 @ :28
[ 7375480ms] [LOG] ✅ UI状态已同步 @ :28
[ 7376475ms] [LOG] ✅ UI状态已同步 @ :28
[ 7377488ms] [LOG] ✅ UI状态已同步 @ :28
[ 7378482ms] [LOG] ✅ UI状态已同步 @ :28
[ 7379478ms] [LOG] ✅ UI状态已同步 @ :28
[ 7380484ms] [LOG] ✅ UI状态已同步 @ :28
[ 7381485ms] [LOG] ✅ UI状态已同步 @ :28
[ 7382489ms] [LOG] ✅ UI状态已同步 @ :28
[ 7383483ms] [LOG] ✅ UI状态已同步 @ :28
[ 7384480ms] [LOG] ✅ UI状态已同步 @ :28
[ 7385478ms] [LOG] ✅ UI状态已同步 @ :28
[ 7386488ms] [LOG] ✅ UI状态已同步 @ :28
[ 7387487ms] [LOG] ✅ UI状态已同步 @ :28
[ 7388486ms] [LOG] ✅ UI状态已同步 @ :28
[ 7389474ms] [LOG] ✅ UI状态已同步 @ :28
[ 7390480ms] [LOG] ✅ UI状态已同步 @ :28
[ 7391483ms] [LOG] ✅ UI状态已同步 @ :28
[ 7392488ms] [LOG] ✅ UI状态已同步 @ :28
[ 7393483ms] [LOG] ✅ UI状态已同步 @ :28
[ 7394483ms] [LOG] ✅ UI状态已同步 @ :28
[ 7395489ms] [LOG] ✅ UI状态已同步 @ :28
[ 7396481ms] [LOG] ✅ UI状态已同步 @ :28
[ 7397480ms] [LOG] ✅ UI状态已同步 @ :28
[ 7397581ms] [LOG] 🔍 诊断自动下一节问题 @ :1
[ 7397581ms] [LOG] 当前节点: 1429487 @ :5
[ 7397581ms] [LOG] 引擎状态: {engineExists: false, botExists: false, autoNextExists: false} @ :12
[ 7397581ms] [LOG] ❌ 自动下一节功能不存在，需要重新初始化 @ :27
[ 7398478ms] [LOG] ✅ UI状态已同步 @ :28
[ 7399474ms] [LOG] ✅ UI状态已同步 @ :28
[ 7400490ms] [LOG] ✅ UI状态已同步 @ :28
[ 7401489ms] [LOG] ✅ UI状态已同步 @ :28
[ 7402487ms] [LOG] ✅ UI状态已同步 @ :28
[ 7403483ms] [LOG] ✅ UI状态已同步 @ :28
[ 7404476ms] [LOG] ✅ UI状态已同步 @ :28
[ 7405485ms] [LOG] ✅ UI状态已同步 @ :28
[ 7406481ms] [LOG] ✅ UI状态已同步 @ :28
[ 7407479ms] [LOG] ✅ UI状态已同步 @ :28
[ 7408488ms] [LOG] ✅ UI状态已同步 @ :28
[ 7409489ms] [LOG] ✅ UI状态已同步 @ :28
[ 7410482ms] [LOG] ✅ UI状态已同步 @ :28
[ 7411479ms] [LOG] ✅ UI状态已同步 @ :28
[ 7412486ms] [LOG] ✅ UI状态已同步 @ :28
[ 7413480ms] [LOG] ✅ UI状态已同步 @ :28
[ 7414476ms] [LOG] ✅ UI状态已同步 @ :28
[ 7415482ms] [LOG] ✅ UI状态已同步 @ :28
[ 7416476ms] [LOG] ✅ UI状态已同步 @ :28
[ 7417488ms] [LOG] ✅ UI状态已同步 @ :28
[ 7418484ms] [LOG] ✅ UI状态已同步 @ :28
[ 7419480ms] [LOG] ✅ UI状态已同步 @ :28
[ 7420480ms] [LOG] ✅ UI状态已同步 @ :28
[ 7421475ms] [LOG] ✅ UI状态已同步 @ :28
[ 7422487ms] [LOG] ✅ UI状态已同步 @ :28
[ 7423487ms] [LOG] ✅ UI状态已同步 @ :28
[ 7424482ms] [LOG] ✅ UI状态已同步 @ :28
[ 7425483ms] [LOG] ✅ UI状态已同步 @ :28
[ 7426479ms] [LOG] ✅ UI状态已同步 @ :28
[ 7427475ms] [LOG] ✅ UI状态已同步 @ :28
[ 7428476ms] [LOG] ✅ UI状态已同步 @ :28
[ 7429478ms] [LOG] ✅ UI状态已同步 @ :28
[ 7430479ms] [LOG] ✅ UI状态已同步 @ :28
[ 7431475ms] [LOG] ✅ UI状态已同步 @ :28
[ 7432485ms] [LOG] ✅ UI状态已同步 @ :28
[ 7433489ms] [LOG] ✅ UI状态已同步 @ :28
[ 7434477ms] [LOG] ✅ UI状态已同步 @ :28
[ 7435488ms] [LOG] ✅ UI状态已同步 @ :28
[ 7436485ms] [LOG] ✅ UI状态已同步 @ :28
[ 7437481ms] [LOG] ✅ UI状态已同步 @ :28
[ 7438477ms] [LOG] ✅ UI状态已同步 @ :28
[ 7439485ms] [LOG] ✅ UI状态已同步 @ :28
[ 7440479ms] [LOG] ✅ UI状态已同步 @ :28
[ 7441476ms] [LOG] ✅ UI状态已同步 @ :28
[ 7442475ms] [LOG] ✅ UI状态已同步 @ :28
[ 7443475ms] [LOG] ✅ UI状态已同步 @ :28
[ 7444476ms] [LOG] ✅ UI状态已同步 @ :28
[ 7445475ms] [LOG] ✅ UI状态已同步 @ :28
[ 7446489ms] [LOG] ✅ UI状态已同步 @ :28
[ 7447484ms] [LOG] ✅ UI状态已同步 @ :28
[ 7448482ms] [LOG] ✅ UI状态已同步 @ :28
[ 7449481ms] [LOG] ✅ UI状态已同步 @ :28
[ 7450479ms] [LOG] ✅ UI状态已同步 @ :28
[ 7451476ms] [LOG] ✅ UI状态已同步 @ :28
[ 7452487ms] [LOG] ✅ UI状态已同步 @ :28
[ 7453480ms] [LOG] ✅ UI状态已同步 @ :28
[ 7454475ms] [LOG] ✅ UI状态已同步 @ :28
[ 7455489ms] [LOG] ✅ UI状态已同步 @ :28
[ 7456481ms] [LOG] ✅ UI状态已同步 @ :28
[ 7457475ms] [LOG] ✅ UI状态已同步 @ :28
[ 7458483ms] [LOG] ✅ UI状态已同步 @ :28
[ 7459478ms] [LOG] ✅ UI状态已同步 @ :28
[ 7460480ms] [LOG] ✅ UI状态已同步 @ :28
[ 7461479ms] [LOG] ✅ UI状态已同步 @ :28
[ 7462484ms] [LOG] ✅ UI状态已同步 @ :28
[ 7463484ms] [LOG] ✅ UI状态已同步 @ :28
[ 7463497ms] [LOG] 🔧 修复MasterEngine引擎丢失问题 @ :1
[ 7463497ms] [LOG] 🔄 重新创建MasterEngine引擎 @ :3
[ 7463498ms] [LOG] ✅ MasterEngine已重新创建 @ :23
[ 7463498ms] [LOG] 🎯 触发自动下一节条件 @ :32
[ 7463498ms] [LOG] ✅ 自动下一节监控已启动 @ :52
[ 7464478ms] [LOG] ✅ UI状态已同步 @ :28
[ 7465481ms] [LOG] ✅ UI状态已同步 @ :28
[ 7465498ms] [LOG] 🎯 触发自动下一节条件 @ :32
[ 7466478ms] [LOG] ✅ UI状态已同步 @ :28
[ 7466510ms] [LOG] 🚀 执行自动下一节 @ :37
[ 7466510ms] [LOG] 🚀 简化版自动下一节开始 @ :11
[ 7466510ms] [LOG] ➡️ 跳转到下一节: /user/node?nodeId=1429488 @ :14
[ 7466970ms] [ERROR] Failed to load resource: the server responded with a status of 404 () @ https://scauzj.leykeji.com/static/home/images/android_leykeji.png:0
[ 7466972ms] [ERROR] Failed to load resource: net::ERR_CONNECTION_RESET @ https://s4.cnzz.com/z_stat.php?id=1278629856&web_id=1278629856:0
[ 7466994ms] [TIMEEND] SCRIPT RUN TIME[🌟 优雅大师 - 开发环境（实时调试）]: 0.868896484375 ms @ chrome-extension://dhdgffkkebhmkfjojejmpbldmpobfkfo/userscript.html?name=%25F0%259F%258C%259F-%25E4%25BC%2598%25E9%259B%2585%25E5%25A4%25A7%25E5%25B8%2588-%25E5%25BC%2580%25E5%258F%2591%25E7%258E%25AF%25E5%25A2%2583%25EF%25BC%2588%25E5%25AE%259E%25E6%2597%25B6%25E8%25B0%2583%25E8%25AF%2595%25EF%25BC%2589.user.js&id=a241f440-a6c3-4afc-bd6a-75ffa1e051d2:1
[ 7467015ms] [ERROR] Failed to load resource: the server responded with a status of 404 () @ https://scauzj.leykeji.com/static/home/images/ios_leykeji.png:0
[ 7467175ms] [LOG] 同学，我们已经发现您具有相应的网络知识，了解浏览器的调试模式，这挺好的，以下是要对您说的一些警告信息。 @ https://scauzj.leykeji.com/static/user/js/video.js?v=1776013925:87
[ 7467176ms] [LOG] 警告：请不要以任何取巧方式进行作弊刷课或帮助其他人刷课，系统已对所有课时的真实性进行统计计算评估，收集数据包括不限于（浏览器头，版本，播放器记录，登录时长，cookie,referer,ip追踪,终端平台，是否符是您的账号，登录过多少个账号，历史登录记录.. 等各种操作数据及ajax随机埋点），一经发现作弊轻则取消学时，重则取消成绩。 @ https://scauzj.leykeji.com/static/user/js/video.js?v=1776013925:88
[ 7467290ms] [LOG] rest {appId: REDACTED_APPID, nonce: 04ae374b0a8b5b5fabd787514df37be5, timestamp: 1776013925, sign: 0ce2770218c6ba647ccfc9ac032d5f68, status: true} @ https://scauzj.leykeji.com/static/user/js/video.js?v=1776013925:32
[ 7467808ms] [ERROR] Failed to load resource: net::ERR_CONNECTION_RESET @ https://t.gdt.qq.com/conv/web/cookies/jsonp?cb=jsonp_cb_0_1776013898318_153&callback=jsonp_cb_0_1776013898318_153:0
[ 7469480ms] [ERROR] Failed to load resource: net::ERR_CONNECTION_RESET @ https://rumt-zh.com/collect/pv?from=https%3A%2F%2Fwebpage.qidian.qq.com%2Fqidian%2Fchatv3%2Fpc.html&id=9GkL9SLGjnYrr8bJd6&uin=&version=1.38.1&aid=8112c955-ec72-45ac-b994-e526a02be989&env=production&platform=3&netType=4&vp=0%20*%200&sr=1280%20*%20720&sessionId=session-1776013899939&referer=https%3A%2F%2Fscauzj.leykeji.com%2F:0
[ 7469736ms] [ERROR] Failed to load resource: net::ERR_CONNECTION_RESET @ https://rumt-zh.com/collect/pv?from=https%3A%2F%2Fwebpage.qidian.qq.com%2Fqidian%2Fchatv3%2FstatusManager%2Findex.html%3Fkfuin%3D3009017937&id=vq4n2C4by1vw9Kvevq&uin=3009017937&version=1.38.1&aid=8112c955-ec72-45ac-b994-e526a02be989&env=production&platform=3&netType=4&vp=0%20*%200&sr=1280%20*%20720&sessionId=session-1776013900162&referer=https%3A%2F%2Fscauzj.leykeji.com%2F:0
[ 7469738ms] [ERROR] Failed to load resource: net::ERR_CONNECTION_RESET @ https://rumt-zh.com/collect/whitelist?id=vq4n2C4by1vw9Kvevq&uin=3009017937&version=1.38.1&aid=8112c955-ec72-45ac-b994-e526a02be989&env=production&platform=3&netType=4&vp=0%20*%200&sr=1280%20*%20720&sessionId=session-1776013900162&from=https%3A%2F%2Fwebpage.qidian.qq.com%2Fqidian%2Fchatv3%2FstatusManager%2Findex.html%3Fkfuin%3D3009017937&referer=https%3A%2F%2Fscauzj.leykeji.com%2F:0
[ 7469947ms] [ERROR] Failed to load resource: net::ERR_CONNECTION_RESET @ https://rumt-zh.com/collect/whitelist?id=9GkL9SLGjnYrr8bJd6&uin=&version=1.38.1&aid=8112c955-ec72-45ac-b994-e526a02be989&env=production&platform=3&netType=4&vp=0%20*%200&sr=1280%20*%20720&sessionId=session-1776013899939&from=https%3A%2F%2Fwebpage.qidian.qq.com%2Fqidian%2Fchatv3%2Fpc.html&referer=https%3A%2F%2Fscauzj.leykeji.com%2F:0
[ 7470937ms] [LOG] ✅ 优雅大师UI创建成功 @ chrome-extension://dhdgffkkebhmkfjojejmpbldmpobfkfo/userscript.html?name=%25F0%259F%258C%259F-%25E4%25BC%2598%25E9%259B%2585%25E5%25A4%25A7%25E5%25B8%2588-%25E5%25BC%2580%25E5%258F%2591%25E7%258E%25AF%25E5%25A2%2583%25EF%25BC%2588%25E5%25AE%259E%25E6%2597%25B6%25E8%25B0%2583%25E8%25AF%2595%25EF%25BC%2589.user.js&id=a241f440-a6c3-4afc-bd6a-75ffa1e051d2:92
[ 7470938ms] [LOG] 🌟 优雅大师已就绪，点击"🚀 启动"开始 @ chrome-extension://dhdgffkkebhmkfjojejmpbldmpobfkfo/userscript.html?name=%25F0%259F%258C%259F-%25E4%25BC%2598%25E9%259B%2585%25E5%25A4%25A7%25E5%25B8%2588-%25E5%25BC%2580%25E5%258F%2591%25E7%258E%25AF%25E5%25A2%2583%25EF%25BC%2588%25E5%25AE%259E%25E6%2597%25B6%25E8%25B0%2583%25E8%25AF%2595%25EF%25BC%2589.user.js&id=a241f440-a6c3-4afc-bd6a-75ffa1e051d2:737
[ 7471430ms] [ERROR] Failed to load resource: net::ERR_CONNECTION_RESET @ https://rumt-zh.com/speed?id=9GkL9SLGjnYrr8bJd6&uin=&version=1.38.1&aid=8112c955-ec72-45ac-b994-e526a02be989&env=production&platform=3&netType=4&vp=0%20*%200&sr=1280%20*%20720&sessionId=session-1776013899939&from=https%3A%2F%2Fwebpage.qidian.qq.com%2Fqidian%2Fchatv3%2Fpc.html&referer=https%3A%2F%2Fscauzj.leykeji.com%2F:0
[ 7471434ms] [ERROR] Failed to load resource: net::ERR_CONNECTION_RESET @ https://rumt-zh.com/speed?id=vq4n2C4by1vw9Kvevq&uin=3009017937&version=1.38.1&aid=8112c955-ec72-45ac-b994-e526a02be989&env=production&platform=3&netType=4&vp=0%20*%200&sr=1280%20*%20720&sessionId=session-1776013900162&from=https%3A%2F%2Fwebpage.qidian.qq.com%2Fqidian%2Fchatv3%2FstatusManager%2Findex.html%3Fkfuin%3D3009017937&referer=https%3A%2F%2Fscauzj.leykeji.com%2F:0
[ 7471439ms] [ERROR] Failed to load resource: net::ERR_CONNECTION_RESET @ https://rumt-zh.com/collect?id=9GkL9SLGjnYrr8bJd6&uin=&version=1.38.1&aid=8112c955-ec72-45ac-b994-e526a02be989&env=production&platform=3&netType=4&vp=0%20*%200&sr=1280%20*%20720&sessionId=session-1776013899939&from=https%3A%2F%2Fwebpage.qidian.qq.com%2Fqidian%2Fchatv3%2Fpc.html&referer=https%3A%2F%2Fscauzj.leykeji.com%2F:0
[ 7481480ms] [ERROR] Failed to load resource: net::ERR_CONNECTION_RESET @ https://rumt-zh.com/speed/performance?dnsLookup=0&tcp=377&ssl=377&ttfb=66&contentDownload=3&domParse=945&resourceDownload=771&firstScreenTiming=0&id=9GkL9SLGjnYrr8bJd6&uin=&version=1.38.1&aid=8112c955-ec72-45ac-b994-e526a02be989&env=production&platform=3&netType=4&vp=0%20*%200&sr=1280%20*%20720&sessionId=session-1776013899939&from=https%3A%2F%2Fwebpage.qidian.qq.com%2Fqidian%2Fchatv3%2Fpc.html&referer=https%3A%2F%2Fscauzj.leykeji.com%2F:0
[ 7481710ms] [ERROR] Failed to load resource: net::ERR_CONNECTION_RESET @ https://rumt-zh.com/speed/performance?dnsLookup=0&tcp=382&ssl=381&ttfb=70&contentDownload=3&domParse=948&resourceDownload=2&firstScreenTiming=0&id=vq4n2C4by1vw9Kvevq&uin=3009017937&version=1.38.1&aid=8112c955-ec72-45ac-b994-e526a02be989&env=production&platform=3&netType=4&vp=0%20*%200&sr=1280%20*%20720&sessionId=session-1776013900162&from=https%3A%2F%2Fwebpage.qidian.qq.com%2Fqidian%2Fchatv3%2FstatusManager%2Findex.html%3Fkfuin%3D3009017937&referer=https%3A%2F%2Fscauzj.leykeji.com%2F:0
[ 8312849ms] [TIMEEND] SCRIPT RUN TIME[🌟 优雅大师 - 开发环境（实时调试）]: 0.73486328125 ms @ chrome-extension://dhdgffkkebhmkfjojejmpbldmpobfkfo/userscript.html?name=%25F0%259F%258C%259F-%25E4%25BC%2598%25E9%259B%2585%25E5%25A4%25A7%25E5%25B8%2588-%25E5%25BC%2580%25E5%258F%2591%25E7%258E%25AF%25E5%25A2%2583%25EF%25BC%2588%25E5%25AE%259E%25E6%2597%25B6%25E8%25B0%2583%25E8%25AF%2595%25EF%25BC%2589.user.js&id=a241f440-a6c3-4afc-bd6a-75ffa1e051d2:1
[ 8312852ms] [VERBOSE] [DOM] Input elements should have autocomplete attributes (suggested: "current-password"): (More info: https://goo.gl/9p2vKq) %o @ https://scauzj.leykeji.com/user/login:0
[ 8313858ms] [LOG] ✅ 优雅大师UI创建成功 @ chrome-extension://dhdgffkkebhmkfjojejmpbldmpobfkfo/userscript.html?name=%25F0%259F%258C%259F-%25E4%25BC%2598%25E9%259B%2585%25E5%25A4%25A7%25E5%25B8%2588-%25E5%25BC%2580%25E5%258F%2591%25E7%258E%25AF%25E5%25A2%2583%25EF%25BC%2588%25E5%25AE%259E%25E6%2597%25B6%25E8%25B0%2583%25E8%25AF%2595%25EF%25BC%2589.user.js&id=a241f440-a6c3-4afc-bd6a-75ffa1e051d2:92
[ 8313859ms] [LOG] ⚠️  未检测到学习节点，请先访问课程页面 @ chrome-extension://dhdgffkkebhmkfjojejmpbldmpobfkfo/userscript.html?name=%25F0%259F%258C%259F-%25E4%25BC%2598%25E9%259B%2585%25E5%25A4%25A7%25E5%25B8%2588-%25E5%25BC%2580%25E5%258F%2591%25E7%258E%25AF%25E5%25A2%2583%25EF%25BC%2588%25E5%25AE%259E%25E6%2597%25B6%25E8%25B0%2583%25E8%25AF%2595%25EF%25BC%2589.user.js&id=a241f440-a6c3-4afc-bd6a-75ffa1e051d2:739
[ 8318658ms] [LOG] {back: /user, status: true, msg: 登录成功} @ https://scauzj.leykeji.com/user/login:94
[ 8318980ms] [ERROR] Failed to load resource: the server responded with a status of 404 () @ https://scauzj.leykeji.com/static/home/images/ios_leykeji.png:0
[ 8318981ms] [ERROR] Failed to load resource: the server responded with a status of 404 () @ https://scauzj.leykeji.com/static/home/images/android_leykeji.png:0
[ 8318995ms] [ERROR] Failed to load resource: net::ERR_CONNECTION_RESET @ https://s4.cnzz.com/z_stat.php?id=1278629856&web_id=1278629856:0
[ 8319019ms] [TIMEEND] SCRIPT RUN TIME[🌟 优雅大师 - 开发环境（实时调试）]: 0.47119140625 ms @ chrome-extension://dhdgffkkebhmkfjojejmpbldmpobfkfo/userscript.html?name=%25F0%259F%258C%259F-%25E4%25BC%2598%25E9%259B%2585%25E5%25A4%25A7%25E5%25B8%2588-%25E5%25BC%2580%25E5%258F%2591%25E7%258E%25AF%25E5%25A2%2583%25EF%25BC%2588%25E5%25AE%259E%25E6%2597%25B6%25E8%25B0%2583%25E8%25AF%2595%25EF%25BC%2589.user.js&id=a241f440-a6c3-4afc-bd6a-75ffa1e051d2:1
[ 8319806ms] [ERROR] Failed to load resource: net::ERR_CONNECTION_RESET @ https://t.gdt.qq.com/conv/web/cookies/jsonp?cb=jsonp_cb_0_1776014750323_879&callback=jsonp_cb_0_1776014750323_879:0
[ 8321336ms] [ERROR] Failed to load resource: net::ERR_CONNECTION_RESET @ https://rumt-zh.com/collect/pv?from=https%3A%2F%2Fwebpage.qidian.qq.com%2Fqidian%2Fchatv3%2FstatusManager%2Findex.html%3Fkfuin%3D3009017937&id=vq4n2C4by1vw9Kvevq&uin=3009017937&version=1.38.1&aid=8112c955-ec72-45ac-b994-e526a02be989&env=production&platform=3&netType=4&vp=0%20*%200&sr=1280%20*%20720&sessionId=session-1776014751752&referer=https%3A%2F%2Fscauzj.leykeji.com%2F:0
[ 8321371ms] [ERROR] Failed to load resource: net::ERR_CONNECTION_RESET @ https://rumt-zh.com/collect/whitelist?id=vq4n2C4by1vw9Kvevq&uin=3009017937&version=1.38.1&aid=8112c955-ec72-45ac-b994-e526a02be989&env=production&platform=3&netType=4&vp=0%20*%200&sr=1280%20*%20720&sessionId=session-1776014751752&from=https%3A%2F%2Fwebpage.qidian.qq.com%2Fqidian%2Fchatv3%2FstatusManager%2Findex.html%3Fkfuin%3D3009017937&referer=https%3A%2F%2Fscauzj.leykeji.com%2F:0
[ 8321751ms] [ERROR] Failed to load resource: net::ERR_CONNECTION_RESET @ https://rumt-zh.com/collect/pv?from=https%3A%2F%2Fwebpage.qidian.qq.com%2Fqidian%2Fchatv3%2Fpc.html&id=9GkL9SLGjnYrr8bJd6&uin=&version=1.38.1&aid=8112c955-ec72-45ac-b994-e526a02be989&env=production&platform=3&netType=4&vp=0%20*%200&sr=1280%20*%20720&sessionId=session-1776014752240&referer=https%3A%2F%2Fscauzj.leykeji.com%2F:0
[ 8322297ms] [ERROR] Failed to load resource: net::ERR_CONNECTION_RESET @ https://rumt-zh.com/collect/whitelist?id=9GkL9SLGjnYrr8bJd6&uin=&version=1.38.1&aid=8112c955-ec72-45ac-b994-e526a02be989&env=production&platform=3&netType=4&vp=0%20*%200&sr=1280%20*%20720&sessionId=session-1776014752240&from=https%3A%2F%2Fwebpage.qidian.qq.com%2Fqidian%2Fchatv3%2Fpc.html&referer=https%3A%2F%2Fscauzj.leykeji.com%2F:0
[ 8323085ms] [ERROR] Failed to load resource: net::ERR_CONNECTION_RESET @ https://rumt-zh.com/speed?id=vq4n2C4by1vw9Kvevq&uin=3009017937&version=1.38.1&aid=8112c955-ec72-45ac-b994-e526a02be989&env=production&platform=3&netType=4&vp=0%20*%200&sr=1280%20*%20720&sessionId=session-1776014751752&from=https%3A%2F%2Fwebpage.qidian.qq.com%2Fqidian%2Fchatv3%2FstatusManager%2Findex.html%3Fkfuin%3D3009017937&referer=https%3A%2F%2Fscauzj.leykeji.com%2F:0
[ 8323332ms] [LOG] ✅ 优雅大师UI创建成功 @ chrome-extension://dhdgffkkebhmkfjojejmpbldmpobfkfo/userscript.html?name=%25F0%259F%258C%259F-%25E4%25BC%2598%25E9%259B%2585%25E5%25A4%25A7%25E5%25B8%2588-%25E5%25BC%2580%25E5%258F%2591%25E7%258E%25AF%25E5%25A2%2583%25EF%25BC%2588%25E5%25AE%259E%25E6%2597%25B6%25E8%25B0%2583%25E8%25AF%2595%25EF%25BC%2589.user.js&id=a241f440-a6c3-4afc-bd6a-75ffa1e051d2:92
[ 8323332ms] [LOG] ⚠️  未检测到学习节点，请先访问课程页面 @ chrome-extension://dhdgffkkebhmkfjojejmpbldmpobfkfo/userscript.html?name=%25F0%259F%258C%259F-%25E4%25BC%2598%25E9%259B%2585%25E5%25A4%25A7%25E5%25B8%2588-%25E5%25BC%2580%25E5%258F%2591%25E7%258E%25AF%25E5%25A2%2583%25EF%25BC%2588%25E5%25AE%259E%25E6%2597%25B6%25E8%25B0%2583%25E8%25AF%2595%25EF%25BC%2589.user.js&id=a241f440-a6c3-4afc-bd6a-75ffa1e051d2:739
[ 8323829ms] [ERROR] Failed to load resource: net::ERR_CONNECTION_RESET @ https://rumt-zh.com/speed?id=9GkL9SLGjnYrr8bJd6&uin=&version=1.38.1&aid=8112c955-ec72-45ac-b994-e526a02be989&env=production&platform=3&netType=4&vp=0%20*%200&sr=1280%20*%20720&sessionId=session-1776014752240&from=https%3A%2F%2Fwebpage.qidian.qq.com%2Fqidian%2Fchatv3%2Fpc.html&referer=https%3A%2F%2Fscauzj.leykeji.com%2F:0
[ 8323845ms] [ERROR] Failed to load resource: net::ERR_CONNECTION_RESET @ https://rumt-zh.com/collect?id=9GkL9SLGjnYrr8bJd6&uin=&version=1.38.1&aid=8112c955-ec72-45ac-b994-e526a02be989&env=production&platform=3&netType=4&vp=0%20*%200&sr=1280%20*%20720&sessionId=session-1776014752240&from=https%3A%2F%2Fwebpage.qidian.qq.com%2Fqidian%2Fchatv3%2Fpc.html&referer=https%3A%2F%2Fscauzj.leykeji.com%2F:0
[ 8324702ms] [ERROR] Failed to load resource: the server responded with a status of 404 () @ https://scauzj.leykeji.com/static/home/images/android_leykeji.png:0
[ 8324703ms] [ERROR] Failed to load resource: the server responded with a status of 404 () @ https://scauzj.leykeji.com/static/home/images/ios_leykeji.png:0
[ 8324720ms] [ERROR] Failed to load resource: net::ERR_CONNECTION_RESET @ https://s4.cnzz.com/z_stat.php?id=1278629856&web_id=1278629856:0
[ 8324732ms] [TIMEEND] SCRIPT RUN TIME[🌟 优雅大师 - 开发环境（实时调试）]: 0.533203125 ms @ chrome-extension://dhdgffkkebhmkfjojejmpbldmpobfkfo/userscript.html?name=%25F0%259F%258C%259F-%25E4%25BC%2598%25E9%259B%2585%25E5%25A4%25A7%25E5%25B8%2588-%25E5%25BC%2580%25E5%258F%2591%25E7%258E%25AF%25E5%25A2%2583%25EF%25BC%2588%25E5%25AE%259E%25E6%2597%25B6%25E8%25B0%2583%25E8%25AF%2595%25EF%25BC%2589.user.js&id=a241f440-a6c3-4afc-bd6a-75ffa1e051d2:1
[ 8325241ms] [ERROR] Failed to load resource: net::ERR_CONNECTION_RESET @ https://t.gdt.qq.com/conv/web/cookies/jsonp?cb=jsonp_cb_0_1776014755758_794&callback=jsonp_cb_0_1776014755758_794:0
[ 8326193ms] [ERROR] Failed to load resource: net::ERR_CONNECTION_RESET @ https://rumt-zh.com/collect/pv?from=https%3A%2F%2Fwebpage.qidian.qq.com%2Fqidian%2Fchatv3%2Fpc.html&id=9GkL9SLGjnYrr8bJd6&uin=&version=1.38.1&aid=8112c955-ec72-45ac-b994-e526a02be989&env=production&platform=3&netType=4&vp=0%20*%200&sr=1280%20*%20720&sessionId=session-1776014756683&referer=https%3A%2F%2Fscauzj.leykeji.com%2F:0
[ 8326567ms] [ERROR] Failed to load resource: net::ERR_CONNECTION_RESET @ https://rumt-zh.com/collect/pv?from=https%3A%2F%2Fwebpage.qidian.qq.com%2Fqidian%2Fchatv3%2FstatusManager%2Findex.html%3Fkfuin%3D3009017937&id=vq4n2C4by1vw9Kvevq&uin=3009017937&version=1.38.1&aid=8112c955-ec72-45ac-b994-e526a02be989&env=production&platform=3&netType=4&vp=0%20*%200&sr=1280%20*%20720&sessionId=session-1776014757066&referer=https%3A%2F%2Fscauzj.leykeji.com%2F:0
[ 8326610ms] [ERROR] Failed to load resource: net::ERR_CONNECTION_RESET @ https://rumt-zh.com/collect/whitelist?id=vq4n2C4by1vw9Kvevq&uin=3009017937&version=1.38.1&aid=8112c955-ec72-45ac-b994-e526a02be989&env=production&platform=3&netType=4&vp=0%20*%200&sr=1280%20*%20720&sessionId=session-1776014757066&from=https%3A%2F%2Fwebpage.qidian.qq.com%2Fqidian%2Fchatv3%2FstatusManager%2Findex.html%3Fkfuin%3D3009017937&referer=https%3A%2F%2Fscauzj.leykeji.com%2F:0
[ 8326677ms] [ERROR] Failed to load resource: net::ERR_CONNECTION_RESET @ https://rumt-zh.com/collect/whitelist?id=9GkL9SLGjnYrr8bJd6&uin=&version=1.38.1&aid=8112c955-ec72-45ac-b994-e526a02be989&env=production&platform=3&netType=4&vp=0%20*%200&sr=1280%20*%20720&sessionId=session-1776014756683&from=https%3A%2F%2Fwebpage.qidian.qq.com%2Fqidian%2Fchatv3%2Fpc.html&referer=https%3A%2F%2Fscauzj.leykeji.com%2F:0
[ 8327812ms] [ERROR] Failed to load resource: net::ERR_CONNECTION_RESET @ https://rumt-zh.com/speed?id=vq4n2C4by1vw9Kvevq&uin=3009017937&version=1.38.1&aid=8112c955-ec72-45ac-b994-e526a02be989&env=production&platform=3&netType=4&vp=0%20*%200&sr=1280%20*%20720&sessionId=session-1776014757066&from=https%3A%2F%2Fwebpage.qidian.qq.com%2Fqidian%2Fchatv3%2FstatusManager%2Findex.html%3Fkfuin%3D3009017937&referer=https%3A%2F%2Fscauzj.leykeji.com%2F:0
[ 8327814ms] [LOG] ✅ 优雅大师UI创建成功 @ chrome-extension://dhdgffkkebhmkfjojejmpbldmpobfkfo/userscript.html?name=%25F0%259F%258C%259F-%25E4%25BC%2598%25E9%259B%2585%25E5%25A4%25A7%25E5%25B8%2588-%25E5%25BC%2580%25E5%258F%2591%25E7%258E%25AF%25E5%25A2%2583%25EF%25BC%2588%25E5%25AE%259E%25E6%2597%25B6%25E8%25B0%2583%25E8%25AF%2595%25EF%25BC%2589.user.js&id=a241f440-a6c3-4afc-bd6a-75ffa1e051d2:92
[ 8327814ms] [LOG] ⚠️  未检测到学习节点，请先访问课程页面 @ chrome-extension://dhdgffkkebhmkfjojejmpbldmpobfkfo/userscript.html?name=%25F0%259F%258C%259F-%25E4%25BC%2598%25E9%259B%2585%25E5%25A4%25A7%25E5%25B8%2588-%25E5%25BC%2580%25E5%258F%2591%25E7%258E%25AF%25E5%25A2%2583%25EF%25BC%2588%25E5%25AE%259E%25E6%2597%25B6%25E8%25B0%2583%25E8%25AF%2595%25EF%25BC%2589.user.js&id=a241f440-a6c3-4afc-bd6a-75ffa1e051d2:739
[ 8328316ms] [ERROR] Failed to load resource: net::ERR_CONNECTION_RESET @ https://rumt-zh.com/speed?id=9GkL9SLGjnYrr8bJd6&uin=&version=1.38.1&aid=8112c955-ec72-45ac-b994-e526a02be989&env=production&platform=3&netType=4&vp=0%20*%200&sr=1280%20*%20720&sessionId=session-1776014756683&from=https%3A%2F%2Fwebpage.qidian.qq.com%2Fqidian%2Fchatv3%2Fpc.html&referer=https%3A%2F%2Fscauzj.leykeji.com%2F:0
[ 8328324ms] [ERROR] Failed to load resource: net::ERR_CONNECTION_RESET @ https://rumt-zh.com/collect?id=9GkL9SLGjnYrr8bJd6&uin=&version=1.38.1&aid=8112c955-ec72-45ac-b994-e526a02be989&env=production&platform=3&netType=4&vp=0%20*%200&sr=1280%20*%20720&sessionId=session-1776014756683&from=https%3A%2F%2Fwebpage.qidian.qq.com%2Fqidian%2Fchatv3%2Fpc.html&referer=https%3A%2F%2Fscauzj.leykeji.com%2F:0
[ 8338206ms] [ERROR] Failed to load resource: net::ERR_CONNECTION_RESET @ https://rumt-zh.com/speed/performance?dnsLookup=0&tcp=274&ssl=272&ttfb=77&contentDownload=2&domParse=891&resourceDownload=752&firstScreenTiming=0&id=9GkL9SLGjnYrr8bJd6&uin=&version=1.38.1&aid=8112c955-ec72-45ac-b994-e526a02be989&env=production&platform=3&netType=4&vp=0%20*%200&sr=1280%20*%20720&sessionId=session-1776014756683&from=https%3A%2F%2Fwebpage.qidian.qq.com%2Fqidian%2Fchatv3%2Fpc.html&referer=https%3A%2F%2Fscauzj.leykeji.com%2F:0
[ 8338584ms] [ERROR] Failed to load resource: net::ERR_CONNECTION_RESET @ https://rumt-zh.com/speed/performance?dnsLookup=0&tcp=310&ssl=308&ttfb=118&contentDownload=4&domParse=815&resourceDownload=2&firstScreenTiming=0&id=vq4n2C4by1vw9Kvevq&uin=3009017937&version=1.38.1&aid=8112c955-ec72-45ac-b994-e526a02be989&env=production&platform=3&netType=4&vp=0%20*%200&sr=1280%20*%20720&sessionId=session-1776014757066&from=https%3A%2F%2Fwebpage.qidian.qq.com%2Fqidian%2Fchatv3%2FstatusManager%2Findex.html%3Fkfuin%3D3009017937&referer=https%3A%2F%2Fscauzj.leykeji.com%2F:0
[ 8355500ms] [ERROR] Failed to load resource: the server responded with a status of 404 () @ https://scauzj.leykeji.com/static/home/images/android_leykeji.png:0
[ 8355500ms] [ERROR] Failed to load resource: the server responded with a status of 404 () @ https://scauzj.leykeji.com/static/home/images/ios_leykeji.png:0
[ 8355509ms] [ERROR] Failed to load resource: net::ERR_CONNECTION_RESET @ https://s4.cnzz.com/z_stat.php?id=1278629856&web_id=1278629856:0
[ 8355622ms] [TIMEEND] SCRIPT RUN TIME[🌟 优雅大师 - 开发环境（实时调试）]: 0.466064453125 ms @ chrome-extension://dhdgffkkebhmkfjojejmpbldmpobfkfo/userscript.html?name=%25F0%259F%258C%259F-%25E4%25BC%2598%25E9%259B%2585%25E5%25A4%25A7%25E5%25B8%2588-%25E5%25BC%2580%25E5%258F%2591%25E7%258E%25AF%25E5%25A2%2583%25EF%25BC%2588%25E5%25AE%259E%25E6%2597%25B6%25E8%25B0%2583%25E8%25AF%2595%25EF%25BC%2589.user.js&id=a241f440-a6c3-4afc-bd6a-75ffa1e051d2:1
[ 8355722ms] [LOG] 同学，我们已经发现您具有相应的网络知识，了解浏览器的调试模式，这挺好的，以下是要对您说的一些警告信息。 @ https://scauzj.leykeji.com/static/user/js/video.js?v=1776014813:87
[ 8355722ms] [LOG] 警告：请不要以任何取巧方式进行作弊刷课或帮助其他人刷课，系统已对所有课时的真实性进行统计计算评估，收集数据包括不限于（浏览器头，版本，播放器记录，登录时长，cookie,referer,ip追踪,终端平台，是否符是您的账号，登录过多少个账号，历史登录记录.. 等各种操作数据及ajax随机埋点），一经发现作弊轻则取消学时，重则取消成绩。 @ https://scauzj.leykeji.com/static/user/js/video.js?v=1776014813:88
[ 8355782ms] [LOG] rest {appId: REDACTED_APPID, nonce: 75038b668a7a54e2e8069ee7578d443e, timestamp: 1776014814, sign: 87e85b9f59013647341c6b5cbf68eb8b, status: true} @ https://scauzj.leykeji.com/static/user/js/video.js?v=1776014813:32
[ 8356131ms] [ERROR] Failed to load resource: net::ERR_CONNECTION_RESET @ https://t.gdt.qq.com/conv/web/cookies/jsonp?cb=jsonp_cb_0_1776014786646_39&callback=jsonp_cb_0_1776014786646_39:0
[ 8357309ms] [ERROR] Failed to load resource: net::ERR_CONNECTION_RESET @ https://rumt-zh.com/collect/pv?from=https%3A%2F%2Fwebpage.qidian.qq.com%2Fqidian%2Fchatv3%2Fpc.html&id=9GkL9SLGjnYrr8bJd6&uin=&version=1.38.1&aid=8112c955-ec72-45ac-b994-e526a02be989&env=production&platform=3&netType=4&vp=0%20*%200&sr=1280%20*%20720&sessionId=session-1776014787770&referer=https%3A%2F%2Fscauzj.leykeji.com%2F:0
[ 8357656ms] [ERROR] Failed to load resource: net::ERR_CONNECTION_RESET @ https://rumt-zh.com/collect/pv?from=https%3A%2F%2Fwebpage.qidian.qq.com%2Fqidian%2Fchatv3%2FstatusManager%2Findex.html%3Fkfuin%3D3009017937&id=vq4n2C4by1vw9Kvevq&uin=3009017937&version=1.38.1&aid=8112c955-ec72-45ac-b994-e526a02be989&env=production&platform=3&netType=4&vp=0%20*%200&sr=1280%20*%20720&sessionId=session-1776014788147&referer=https%3A%2F%2Fscauzj.leykeji.com%2F:0
[ 8357698ms] [ERROR] Failed to load resource: net::ERR_CONNECTION_RESET @ https://rumt-zh.com/collect/whitelist?id=vq4n2C4by1vw9Kvevq&uin=3009017937&version=1.38.1&aid=8112c955-ec72-45ac-b994-e526a02be989&env=production&platform=3&netType=4&vp=0%20*%200&sr=1280%20*%20720&sessionId=session-1776014788147&from=https%3A%2F%2Fwebpage.qidian.qq.com%2Fqidian%2Fchatv3%2FstatusManager%2Findex.html%3Fkfuin%3D3009017937&referer=https%3A%2F%2Fscauzj.leykeji.com%2F:0
[ 8357770ms] [ERROR] Failed to load resource: net::ERR_CONNECTION_RESET @ https://rumt-zh.com/collect/whitelist?id=9GkL9SLGjnYrr8bJd6&uin=&version=1.38.1&aid=8112c955-ec72-45ac-b994-e526a02be989&env=production&platform=3&netType=4&vp=0%20*%200&sr=1280%20*%20720&sessionId=session-1776014787770&from=https%3A%2F%2Fwebpage.qidian.qq.com%2Fqidian%2Fchatv3%2Fpc.html&referer=https%3A%2F%2Fscauzj.leykeji.com%2F:0
[ 8358910ms] [ERROR] Failed to load resource: net::ERR_CONNECTION_RESET @ https://rumt-zh.com/speed?id=vq4n2C4by1vw9Kvevq&uin=3009017937&version=1.38.1&aid=8112c955-ec72-45ac-b994-e526a02be989&env=production&platform=3&netType=4&vp=0%20*%200&sr=1280%20*%20720&sessionId=session-1776014788147&from=https%3A%2F%2Fwebpage.qidian.qq.com%2Fqidian%2Fchatv3%2FstatusManager%2Findex.html%3Fkfuin%3D3009017937&referer=https%3A%2F%2Fscauzj.leykeji.com%2F:0
[ 8358938ms] [LOG] ✅ 优雅大师UI创建成功 @ chrome-extension://dhdgffkkebhmkfjojejmpbldmpobfkfo/userscript.html?name=%25F0%259F%258C%259F-%25E4%25BC%2598%25E9%259B%2585%25E5%25A4%25A7%25E5%25B8%2588-%25E5%25BC%2580%25E5%258F%2591%25E7%258E%25AF%25E5%25A2%2583%25EF%25BC%2588%25E5%25AE%259E%25E6%2597%25B6%25E8%25B0%2583%25E8%25AF%2595%25EF%25BC%2589.user.js&id=a241f440-a6c3-4afc-bd6a-75ffa1e051d2:92
[ 8358938ms] [LOG] 🌟 优雅大师已就绪，点击"🚀 启动"开始 @ chrome-extension://dhdgffkkebhmkfjojejmpbldmpobfkfo/userscript.html?name=%25F0%259F%258C%259F-%25E4%25BC%2598%25E9%259B%2585%25E5%25A4%25A7%25E5%25B8%2588-%25E5%25BC%2580%25E5%258F%2591%25E7%258E%25AF%25E5%25A2%2583%25EF%25BC%2588%25E5%25AE%259E%25E6%2597%25B6%25E8%25B0%2583%25E8%25AF%2595%25EF%25BC%2589.user.js&id=a241f440-a6c3-4afc-bd6a-75ffa1e051d2:737
[ 8359442ms] [ERROR] Failed to load resource: net::ERR_CONNECTION_RESET @ https://rumt-zh.com/speed?id=9GkL9SLGjnYrr8bJd6&uin=&version=1.38.1&aid=8112c955-ec72-45ac-b994-e526a02be989&env=production&platform=3&netType=4&vp=0%20*%200&sr=1280%20*%20720&sessionId=session-1776014787770&from=https%3A%2F%2Fwebpage.qidian.qq.com%2Fqidian%2Fchatv3%2Fpc.html&referer=https%3A%2F%2Fscauzj.leykeji.com%2F:0
[ 8359447ms] [ERROR] Failed to load resource: net::ERR_CONNECTION_RESET @ https://rumt-zh.com/collect?id=9GkL9SLGjnYrr8bJd6&uin=&version=1.38.1&aid=8112c955-ec72-45ac-b994-e526a02be989&env=production&platform=3&netType=4&vp=0%20*%200&sr=1280%20*%20720&sessionId=session-1776014787770&from=https%3A%2F%2Fwebpage.qidian.qq.com%2Fqidian%2Fchatv3%2Fpc.html&referer=https%3A%2F%2Fscauzj.leykeji.com%2F:0
[ 8369290ms] [ERROR] Failed to load resource: net::ERR_CONNECTION_RESET @ https://rumt-zh.com/speed/performance?dnsLookup=0&tcp=350&ssl=350&ttfb=80&contentDownload=2&domParse=930&resourceDownload=789&firstScreenTiming=0&id=9GkL9SLGjnYrr8bJd6&uin=&version=1.38.1&aid=8112c955-ec72-45ac-b994-e526a02be989&env=production&platform=3&netType=4&vp=0%20*%200&sr=1280%20*%20720&sessionId=session-1776014787770&from=https%3A%2F%2Fwebpage.qidian.qq.com%2Fqidian%2Fchatv3%2Fpc.html&referer=https%3A%2F%2Fscauzj.leykeji.com%2F:0
[ 8369692ms] [ERROR] Failed to load resource: net::ERR_CONNECTION_RESET @ https://rumt-zh.com/speed/performance?dnsLookup=0&tcp=353&ssl=352&ttfb=112&contentDownload=11&domParse=870&resourceDownload=3&firstScreenTiming=0&id=vq4n2C4by1vw9Kvevq&uin=3009017937&version=1.38.1&aid=8112c955-ec72-45ac-b994-e526a02be989&env=production&platform=3&netType=4&vp=0%20*%200&sr=1280%20*%20720&sessionId=session-1776014788147&from=https%3A%2F%2Fwebpage.qidian.qq.com%2Fqidian%2Fchatv3%2FstatusManager%2Findex.html%3Fkfuin%3D3009017937&referer=https%3A%2F%2Fscauzj.leykeji.com%2F:0
[ 8432788ms] [LOG] 🚀 开始多节课连续自动化测试 @ :1
[ 8432788ms] [LOG] 当前节点: 1429488 @ :5
[ 8432788ms] [LOG] 📋 测试计划: {targetNodes: Array(4), currentIndex: 0, maxTests: 5, testCount: 0} @ :15
[ 8433791ms] [LOG] 📚 开始第1节课刷课（节点1429488） @ :19
[ 8433792ms] [LOG] 🎯 目标: {nodeId: 1429488, duration: 374} @ chrome-extension://dhdgffkkebhmkfjojejmpbldmpobfkfo/userscript.html?name=%25F0%259F%258C%259F-%25E4%25BC%2598%25E9%259B%2585%25E5%25A4%25A7%25E5%25B8%2588-%25E5%25BC%2580%25E5%258F%2591%25E7%258E%25AF%25E5%25A2%2583%25EF%25BC%2588%25E5%25AE%259E%25E6%2597%25B6%25E8%25B0%2583%25E8%25AF%2595%25EF%25BC%2589.user.js&id=a241f440-a6c3-4afc-bd6a-75ffa1e051d2:659
[ 8433793ms] [LOG] 🌟 优雅大师启动 {nodeId: 1429488, duration: 374} @ chrome-extension://dhdgffkkebhmkfjojejmpbldmpobfkfo/userscript.html?name=%25F0%259F%258C%259F-%25E4%25BC%2598%25E9%259B%2585%25E5%25A4%25A7%25E5%25B8%2588-%25E5%25BC%2580%25E5%258F%2591%25E7%258E%25AF%25E5%25A2%2583%25EF%25BC%2588%25E5%25AE%259E%25E6%2597%25B6%25E8%25B0%2583%25E8%25AF%2595%25EF%25BC%2589.user.js&id=a241f440-a6c3-4afc-bd6a-75ffa1e051d2:522
[ 8433863ms] [LOG] ✅ 会话: undefined @ chrome-extension://dhdgffkkebhmkfjojejmpbldmpobfkfo/userscript.html?name=%25F0%259F%258C%259F-%25E4%25BC%2598%25E9%259B%2585%25E5%25A4%25A7%25E5%25B8%2588-%25E5%25BC%2580%25E5%258F%2591%25E7%258E%25AF%25E5%25A2%2583%25EF%25BC%2588%25E5%25AE%259E%25E6%2597%25B6%25E8%25B0%2583%25E8%25AF%2595%25EF%25BC%2589.user.js&id=a241f440-a6c3-4afc-bd6a-75ffa1e051d2:530
[ 8433863ms] [LOG] ⚡ 上报: 12次, 间隔2000ms, 跳跃30s @ chrome-extension://dhdgffkkebhmkfjojejmpbldmpobfkfo/userscript.html?name=%25F0%259F%258C%259F-%25E4%25BC%2598%25E9%259B%2585%25E5%25A4%25A7%25E5%25B8%2588-%25E5%25BC%2580%25E5%258F%2591%25E7%258E%25AF%25E5%25A2%2583%25EF%25BC%2588%25E5%25AE%259E%25E6%2597%25B6%25E8%25B0%2583%25E8%25AF%2595%25EF%25BC%2589.user.js&id=a241f440-a6c3-4afc-bd6a-75ffa1e051d2:537
[ 8459198ms] [LOG] ➡️  自动点击下一节 @ chrome-extension://dhdgffkkebhmkfjojejmpbldmpobfkfo/userscript.html?name=%25F0%259F%258C%259F-%25E4%25BC%2598%25E9%259B%2585%25E5%25A4%25A7%25E5%25B8%2588-%25E5%25BC%2580%25E5%258F%2591%25E7%258E%25AF%25E5%25A2%2583%25EF%25BC%2588%25E5%25AE%259E%25E6%2597%25B6%25E8%25B0%2583%25E8%25AF%2595%25EF%25BC%2589.user.js&id=a241f440-a6c3-4afc-bd6a-75ffa1e051d2:592
[ 8459200ms] [LOG] ✅ 完成！耗时: 25.4秒, 记录: 374秒 @ chrome-extension://dhdgffkkebhmkfjojejmpbldmpobfkfo/userscript.html?name=%25F0%259F%258C%259F-%25E4%25BC%2598%25E9%259B%2585%25E5%25A4%25A7%25E5%25B8%2588-%25E5%25BC%2580%25E5%258F%2591%25E7%258E%25AF%25E5%25A2%2583%25EF%25BC%2588%25E5%25AE%259E%25E6%2597%25B6%25E8%25B0%2583%25E8%25AF%2595%25EF%25BC%2589.user.js&id=a241f440-a6c3-4afc-bd6a-75ffa1e051d2:569
[ 8559916ms] [LOG] 当前节点: 1429488 @ :2
[ 8559916ms] [LOG] 自动下一节条件: {checkboxChecked: true, status: 完成, shouldTrigger: true} @ :9
[ 8559916ms] [LOG] 🎯 自动下一节条件满足，但未触发 @ :12
[ 8561924ms] [LOG] 🚀 手动触发自动下一节 @ :16
[ 8561924ms] [LOG] ➡️ 跳转到下一节: /user/node?nodeId=1429489 @ :19
[ 8562197ms] [TIMEEND] SCRIPT RUN TIME[🌟 优雅大师 - 开发环境（实时调试）]: 0.369873046875 ms @ chrome-extension://dhdgffkkebhmkfjojejmpbldmpobfkfo/userscript.html?name=%25F0%259F%258C%259F-%25E4%25BC%2598%25E9%259B%2585%25E5%25A4%25A7%25E5%25B8%2588-%25E5%25BC%2580%25E5%258F%2591%25E7%258E%25AF%25E5%25A2%2583%25EF%25BC%2588%25E5%25AE%259E%25E6%2597%25B6%25E8%25B0%2583%25E8%25AF%2595%25EF%25BC%2589.user.js&id=a241f440-a6c3-4afc-bd6a-75ffa1e051d2:1
[ 8562207ms] [WARNING] <meta name="apple-mobile-web-app-capable" content="yes"> is deprecated. Please include <meta name="mobile-web-app-capable" content="yes"> @ https://scauzj.leykeji.com/user/node?nodeId=1429489:0
[ 8562707ms] [LOG] ✅ 优雅大师UI创建成功 @ chrome-extension://dhdgffkkebhmkfjojejmpbldmpobfkfo/userscript.html?name=%25F0%259F%258C%259F-%25E4%25BC%2598%25E9%259B%2585%25E5%25A4%25A7%25E5%25B8%2588-%25E5%25BC%2580%25E5%258F%2591%25E7%258E%25AF%25E5%25A2%2583%25EF%25BC%2588%25E5%25AE%259E%25E6%2597%25B6%25E8%25B0%2583%25E8%25AF%2595%25EF%25BC%2589.user.js&id=a241f440-a6c3-4afc-bd6a-75ffa1e051d2:92
[ 8562708ms] [LOG] 🌟 优雅大师已就绪，点击"🚀 启动"开始 @ chrome-extension://dhdgffkkebhmkfjojejmpbldmpobfkfo/userscript.html?name=%25F0%259F%258C%259F-%25E4%25BC%2598%25E9%259B%2585%25E5%25A4%25A7%25E5%25B8%2588-%25E5%25BC%2580%25E5%258F%2591%25E7%258E%25AF%25E5%25A2%2583%25EF%25BC%2588%25E5%25AE%259E%25E6%2597%25B6%25E8%25B0%2583%25E8%25AF%2595%25EF%25BC%2589.user.js&id=a241f440-a6c3-4afc-bd6a-75ffa1e051d2:737
[ 8567422ms] [ERROR] Failed to load resource: the server responded with a status of 404 () @ https://scauzj.leykeji.com/static/home/images/ios_leykeji.png:0
[ 8567508ms] [ERROR] Failed to load resource: the server responded with a status of 404 () @ https://scauzj.leykeji.com/static/home/images/android_leykeji.png:0
[ 8567517ms] [ERROR] Failed to load resource: net::ERR_CONNECTION_RESET @ https://s4.cnzz.com/z_stat.php?id=1278629856&web_id=1278629856:0
[ 8567531ms] [TIMEEND] SCRIPT RUN TIME[🌟 优雅大师 - 开发环境（实时调试）]: 0.375 ms @ chrome-extension://dhdgffkkebhmkfjojejmpbldmpobfkfo/userscript.html?name=%25F0%259F%258C%259F-%25E4%25BC%2598%25E9%259B%2585%25E5%25A4%25A7%25E5%25B8%2588-%25E5%25BC%2580%25E5%258F%2591%25E7%258E%25AF%25E5%25A2%2583%25EF%25BC%2588%25E5%25AE%259E%25E6%2597%25B6%25E8%25B0%2583%25E8%25AF%2595%25EF%25BC%2589.user.js&id=a241f440-a6c3-4afc-bd6a-75ffa1e051d2:1
[ 8567653ms] [LOG] 同学，我们已经发现您具有相应的网络知识，了解浏览器的调试模式，这挺好的，以下是要对您说的一些警告信息。 @ https://scauzj.leykeji.com/static/user/js/video.js?v=1776015025:87
[ 8567654ms] [LOG] 警告：请不要以任何取巧方式进行作弊刷课或帮助其他人刷课，系统已对所有课时的真实性进行统计计算评估，收集数据包括不限于（浏览器头，版本，播放器记录，登录时长，cookie,referer,ip追踪,终端平台，是否符是您的账号，登录过多少个账号，历史登录记录.. 等各种操作数据及ajax随机埋点），一经发现作弊轻则取消学时，重则取消成绩。 @ https://scauzj.leykeji.com/static/user/js/video.js?v=1776015025:88
[ 8567779ms] [LOG] rest {appId: REDACTED_APPID, nonce: 9084911a56b4d4445791c3a4e03de794, timestamp: 1776015026, sign: 11787294a8d497a26f76a28fb73eb371, status: true} @ https://scauzj.leykeji.com/static/user/js/video.js?v=1776015025:32
[ 8568462ms] [ERROR] Failed to load resource: net::ERR_CONNECTION_RESET @ https://t.gdt.qq.com/conv/web/cookies/jsonp?cb=jsonp_cb_0_1776014998979_167&callback=jsonp_cb_0_1776014998979_167:0
[ 8569941ms] [ERROR] Failed to load resource: net::ERR_CONNECTION_RESET @ https://rumt-zh.com/collect/pv?from=https%3A%2F%2Fwebpage.qidian.qq.com%2Fqidian%2Fchatv3%2Fpc.html&id=9GkL9SLGjnYrr8bJd6&uin=&version=1.38.1&aid=8112c955-ec72-45ac-b994-e526a02be989&env=production&platform=3&netType=4&vp=0%20*%200&sr=1280%20*%20720&sessionId=session-1776015000432&referer=https%3A%2F%2Fscauzj.leykeji.com%2F:0
[ 8570293ms] [ERROR] Failed to load resource: net::ERR_CONNECTION_RESET @ https://rumt-zh.com/collect/pv?from=https%3A%2F%2Fwebpage.qidian.qq.com%2Fqidian%2Fchatv3%2FstatusManager%2Findex.html%3Fkfuin%3D3009017937&id=vq4n2C4by1vw9Kvevq&uin=3009017937&version=1.38.1&aid=8112c955-ec72-45ac-b994-e526a02be989&env=production&platform=3&netType=4&vp=0%20*%200&sr=1280%20*%20720&sessionId=session-1776015000800&referer=https%3A%2F%2Fscauzj.leykeji.com%2F:0
[ 8570350ms] [ERROR] Failed to load resource: net::ERR_CONNECTION_RESET @ https://rumt-zh.com/collect/whitelist?id=vq4n2C4by1vw9Kvevq&uin=3009017937&version=1.38.1&aid=8112c955-ec72-45ac-b994-e526a02be989&env=production&platform=3&netType=4&vp=0%20*%200&sr=1280%20*%20720&sessionId=session-1776015000800&from=https%3A%2F%2Fwebpage.qidian.qq.com%2Fqidian%2Fchatv3%2FstatusManager%2Findex.html%3Fkfuin%3D3009017937&referer=https%3A%2F%2Fscauzj.leykeji.com%2F:0
[ 8570579ms] [ERROR] Failed to load resource: net::ERR_CONNECTION_RESET @ https://rumt-zh.com/collect/whitelist?id=9GkL9SLGjnYrr8bJd6&uin=&version=1.38.1&aid=8112c955-ec72-45ac-b994-e526a02be989&env=production&platform=3&netType=4&vp=0%20*%200&sr=1280%20*%20720&sessionId=session-1776015000432&from=https%3A%2F%2Fwebpage.qidian.qq.com%2Fqidian%2Fchatv3%2Fpc.html&referer=https%3A%2F%2Fscauzj.leykeji.com%2F:0
[ 8571846ms] [ERROR] Failed to load resource: net::ERR_CONNECTION_RESET @ https://rumt-zh.com/speed?id=vq4n2C4by1vw9Kvevq&uin=3009017937&version=1.38.1&aid=8112c955-ec72-45ac-b994-e526a02be989&env=production&platform=3&netType=4&vp=0%20*%200&sr=1280%20*%20720&sessionId=session-1776015000800&from=https%3A%2F%2Fwebpage.qidian.qq.com%2Fqidian%2Fchatv3%2FstatusManager%2Findex.html%3Fkfuin%3D3009017937&referer=https%3A%2F%2Fscauzj.leykeji.com%2F:0
[ 8571857ms] [LOG] ✅ 优雅大师UI创建成功 @ chrome-extension://dhdgffkkebhmkfjojejmpbldmpobfkfo/userscript.html?name=%25F0%259F%258C%259F-%25E4%25BC%2598%25E9%259B%2585%25E5%25A4%25A7%25E5%25B8%2588-%25E5%25BC%2580%25E5%258F%2591%25E7%258E%25AF%25E5%25A2%2583%25EF%25BC%2588%25E5%25AE%259E%25E6%2597%25B6%25E8%25B0%2583%25E8%25AF%2595%25EF%25BC%2589.user.js&id=a241f440-a6c3-4afc-bd6a-75ffa1e051d2:92
[ 8571858ms] [LOG] 🌟 优雅大师已就绪，点击"🚀 启动"开始 @ chrome-extension://dhdgffkkebhmkfjojejmpbldmpobfkfo/userscript.html?name=%25F0%259F%258C%259F-%25E4%25BC%2598%25E9%259B%2585%25E5%25A4%25A7%25E5%25B8%2588-%25E5%25BC%2580%25E5%258F%2591%25E7%258E%25AF%25E5%25A2%2583%25EF%25BC%2588%25E5%25AE%259E%25E6%2597%25B6%25E8%25B0%2583%25E8%25AF%2595%25EF%25BC%2589.user.js&id=a241f440-a6c3-4afc-bd6a-75ffa1e051d2:737
[ 8572359ms] [ERROR] Failed to load resource: net::ERR_CONNECTION_RESET @ https://rumt-zh.com/speed?id=9GkL9SLGjnYrr8bJd6&uin=&version=1.38.1&aid=8112c955-ec72-45ac-b994-e526a02be989&env=production&platform=3&netType=4&vp=0%20*%200&sr=1280%20*%20720&sessionId=session-1776015000432&from=https%3A%2F%2Fwebpage.qidian.qq.com%2Fqidian%2Fchatv3%2Fpc.html&referer=https%3A%2F%2Fscauzj.leykeji.com%2F:0
[ 8572371ms] [ERROR] Failed to load resource: net::ERR_CONNECTION_RESET @ https://rumt-zh.com/collect?id=9GkL9SLGjnYrr8bJd6&uin=&version=1.38.1&aid=8112c955-ec72-45ac-b994-e526a02be989&env=production&platform=3&netType=4&vp=0%20*%200&sr=1280%20*%20720&sessionId=session-1776015000432&from=https%3A%2F%2Fwebpage.qidian.qq.com%2Fqidian%2Fchatv3%2Fpc.html&referer=https%3A%2F%2Fscauzj.leykeji.com%2F:0
[ 8581964ms] [ERROR] Failed to load resource: net::ERR_CONNECTION_RESET @ https://rumt-zh.com/speed/performance?dnsLookup=0&tcp=294&ssl=294&ttfb=124&contentDownload=1&domParse=1198&resourceDownload=766&firstScreenTiming=0&id=9GkL9SLGjnYrr8bJd6&uin=&version=1.38.1&aid=8112c955-ec72-45ac-b994-e526a02be989&env=production&platform=3&netType=4&vp=0%20*%200&sr=1280%20*%20720&sessionId=session-1776015000432&from=https%3A%2F%2Fwebpage.qidian.qq.com%2Fqidian%2Fchatv3%2Fpc.html&referer=https%3A%2F%2Fscauzj.leykeji.com%2F:0
[ 8582322ms] [ERROR] Failed to load resource: net::ERR_CONNECTION_RESET @ https://rumt-zh.com/speed/performance?dnsLookup=0&tcp=298&ssl=297&ttfb=123&contentDownload=2&domParse=894&resourceDownload=3&firstScreenTiming=0&id=vq4n2C4by1vw9Kvevq&uin=3009017937&version=1.38.1&aid=8112c955-ec72-45ac-b994-e526a02be989&env=production&platform=3&netType=4&vp=0%20*%200&sr=1280%20*%20720&sessionId=session-1776015000800&from=https%3A%2F%2Fwebpage.qidian.qq.com%2Fqidian%2Fchatv3%2FstatusManager%2Findex.html%3Fkfuin%3D3009017937&referer=https%3A%2F%2Fscauzj.leykeji.com%2F:0
[ 8671937ms] [LOG] 🔍 诊断自动下一节失效问题 @ :1
[ 8671938ms] [LOG] 当前节点: 1429488 @ :5
[ 8671938ms] [LOG] 监控状态: {monitorExists: false} @ :9
[ 8671938ms] [LOG] MasterEngine状态: {engineExists: false} @ :13
[ 8671938ms] [LOG] 页面跳转测试: @ :16
[ 8671938ms] [LOG] 测试跳转URL: /user/node?nodeId=1429489 @ :20
[ 8672949ms] [LOG] 🚀 手动跳转到下一节 @ :24
[ 8673143ms] [TIMEEND] SCRIPT RUN TIME[🌟 优雅大师 - 开发环境（实时调试）]: 0.595947265625 ms @ chrome-extension://dhdgffkkebhmkfjojejmpbldmpobfkfo/userscript.html?name=%25F0%259F%258C%259F-%25E4%25BC%2598%25E9%259B%2585%25E5%25A4%25A7%25E5%25B8%2588-%25E5%25BC%2580%25E5%258F%2591%25E7%258E%25AF%25E5%25A2%2583%25EF%25BC%2588%25E5%25AE%259E%25E6%2597%25B6%25E8%25B0%2583%25E8%25AF%2595%25EF%25BC%2589.user.js&id=a241f440-a6c3-4afc-bd6a-75ffa1e051d2:1
[ 8673156ms] [WARNING] <meta name="apple-mobile-web-app-capable" content="yes"> is deprecated. Please include <meta name="mobile-web-app-capable" content="yes"> @ https://scauzj.leykeji.com/user/node?nodeId=1429489:0
[ 8673667ms] [LOG] ✅ 优雅大师UI创建成功 @ chrome-extension://dhdgffkkebhmkfjojejmpbldmpobfkfo/userscript.html?name=%25F0%259F%258C%259F-%25E4%25BC%2598%25E9%259B%2585%25E5%25A4%25A7%25E5%25B8%2588-%25E5%25BC%2580%25E5%258F%2591%25E7%258E%25AF%25E5%25A2%2583%25EF%25BC%2588%25E5%25AE%259E%25E6%2597%25B6%25E8%25B0%2583%25E8%25AF%2595%25EF%25BC%2589.user.js&id=a241f440-a6c3-4afc-bd6a-75ffa1e051d2:92
[ 8673667ms] [LOG] 🌟 优雅大师已就绪，点击"🚀 启动"开始 @ chrome-extension://dhdgffkkebhmkfjojejmpbldmpobfkfo/userscript.html?name=%25F0%259F%258C%259F-%25E4%25BC%2598%25E9%259B%2585%25E5%25A4%25A7%25E5%25B8%2588-%25E5%25BC%2580%25E5%258F%2591%25E7%258E%25AF%25E5%25A2%2583%25EF%25BC%2588%25E5%25AE%259E%25E6%2597%25B6%25E8%25B0%2583%25E8%25AF%2595%25EF%25BC%2589.user.js&id=a241f440-a6c3-4afc-bd6a-75ffa1e051d2:737
[ 8678385ms] [ERROR] Failed to load resource: the server responded with a status of 404 () @ https://scauzj.leykeji.com/static/home/images/ios_leykeji.png:0
[ 8678385ms] [ERROR] Failed to load resource: the server responded with a status of 404 () @ https://scauzj.leykeji.com/static/home/images/android_leykeji.png:0
[ 8678393ms] [ERROR] Failed to load resource: net::ERR_CONNECTION_RESET @ https://s4.cnzz.com/z_stat.php?id=1278629856&web_id=1278629856:0
[ 8678405ms] [TIMEEND] SCRIPT RUN TIME[🌟 优雅大师 - 开发环境（实时调试）]: 0.347900390625 ms @ chrome-extension://dhdgffkkebhmkfjojejmpbldmpobfkfo/userscript.html?name=%25F0%259F%258C%259F-%25E4%25BC%2598%25E9%259B%2585%25E5%25A4%25A7%25E5%25B8%2588-%25E5%25BC%2580%25E5%258F%2591%25E7%258E%25AF%25E5%25A2%2583%25EF%25BC%2588%25E5%25AE%259E%25E6%2597%25B6%25E8%25B0%2583%25E8%25AF%2595%25EF%25BC%2589.user.js&id=a241f440-a6c3-4afc-bd6a-75ffa1e051d2:1
[ 8678552ms] [LOG] 同学，我们已经发现您具有相应的网络知识，了解浏览器的调试模式，这挺好的，以下是要对您说的一些警告信息。 @ https://scauzj.leykeji.com/static/user/js/video.js?v=1776015136:87
[ 8678552ms] [LOG] 警告：请不要以任何取巧方式进行作弊刷课或帮助其他人刷课，系统已对所有课时的真实性进行统计计算评估，收集数据包括不限于（浏览器头，版本，播放器记录，登录时长，cookie,referer,ip追踪,终端平台，是否符是您的账号，登录过多少个账号，历史登录记录.. 等各种操作数据及ajax随机埋点），一经发现作弊轻则取消学时，重则取消成绩。 @ https://scauzj.leykeji.com/static/user/js/video.js?v=1776015136:88
[ 8678658ms] [LOG] rest {appId: REDACTED_APPID, nonce: 6f25d51e68ded4d7d068e9da7faf6523, timestamp: 1776015137, sign: fc89e67830901be9cbaf0bafa11a13eb, status: true} @ https://scauzj.leykeji.com/static/user/js/video.js?v=1776015136:32
[ 8678884ms] [ERROR] Failed to load resource: net::ERR_CONNECTION_RESET @ https://t.gdt.qq.com/conv/web/cookies/jsonp?cb=jsonp_cb_0_1776015109403_680&callback=jsonp_cb_0_1776015109403_680:0
[ 8680148ms] [ERROR] Failed to load resource: net::ERR_CONNECTION_RESET @ https://rumt-zh.com/collect/pv?from=https%3A%2F%2Fwebpage.qidian.qq.com%2Fqidian%2Fchatv3%2Fpc.html&id=9GkL9SLGjnYrr8bJd6&uin=&version=1.38.1&aid=8112c955-ec72-45ac-b994-e526a02be989&env=production&platform=3&netType=4&vp=0%20*%200&sr=1280%20*%20720&sessionId=session-1776015110585&referer=https%3A%2F%2Fscauzj.leykeji.com%2F:0
[ 8680902ms] [ERROR] Failed to load resource: net::ERR_CONNECTION_RESET @ https://rumt-zh.com/collect/whitelist?id=9GkL9SLGjnYrr8bJd6&uin=&version=1.38.1&aid=8112c955-ec72-45ac-b994-e526a02be989&env=production&platform=3&netType=4&vp=0%20*%200&sr=1280%20*%20720&sessionId=session-1776015110585&from=https%3A%2F%2Fwebpage.qidian.qq.com%2Fqidian%2Fchatv3%2Fpc.html&referer=https%3A%2F%2Fscauzj.leykeji.com%2F:0
[ 8680924ms] [ERROR] Failed to load resource: net::ERR_CONNECTION_RESET @ https://rumt-zh.com/collect/pv?from=https%3A%2F%2Fwebpage.qidian.qq.com%2Fqidian%2Fchatv3%2FstatusManager%2Findex.html%3Fkfuin%3D3009017937&id=vq4n2C4by1vw9Kvevq&uin=3009017937&version=1.38.1&aid=8112c955-ec72-45ac-b994-e526a02be989&env=production&platform=3&netType=4&vp=0%20*%200&sr=1280%20*%20720&sessionId=session-1776015111404&referer=https%3A%2F%2Fscauzj.leykeji.com%2F:0
[ 8680958ms] [ERROR] Failed to load resource: net::ERR_CONNECTION_RESET @ https://rumt-zh.com/collect/whitelist?id=vq4n2C4by1vw9Kvevq&uin=3009017937&version=1.38.1&aid=8112c955-ec72-45ac-b994-e526a02be989&env=production&platform=3&netType=4&vp=0%20*%200&sr=1280%20*%20720&sessionId=session-1776015111404&from=https%3A%2F%2Fwebpage.qidian.qq.com%2Fqidian%2Fchatv3%2FstatusManager%2Findex.html%3Fkfuin%3D3009017937&referer=https%3A%2F%2Fscauzj.leykeji.com%2F:0
[ 8682197ms] [LOG] ✅ 优雅大师UI创建成功 @ chrome-extension://dhdgffkkebhmkfjojejmpbldmpobfkfo/userscript.html?name=%25F0%259F%258C%259F-%25E4%25BC%2598%25E9%259B%2585%25E5%25A4%25A7%25E5%25B8%2588-%25E5%25BC%2580%25E5%258F%2591%25E7%258E%25AF%25E5%25A2%2583%25EF%25BC%2588%25E5%25AE%259E%25E6%2597%25B6%25E8%25B0%2583%25E8%25AF%2595%25EF%25BC%2589.user.js&id=a241f440-a6c3-4afc-bd6a-75ffa1e051d2:92
[ 8682198ms] [LOG] 🌟 优雅大师已就绪，点击"🚀 启动"开始 @ chrome-extension://dhdgffkkebhmkfjojejmpbldmpobfkfo/userscript.html?name=%25F0%259F%258C%259F-%25E4%25BC%2598%25E9%259B%2585%25E5%25A4%25A7%25E5%25B8%2588-%25E5%25BC%2580%25E5%258F%2591%25E7%258E%25AF%25E5%25A2%2583%25EF%25BC%2588%25E5%25AE%259E%25E6%2597%25B6%25E8%25B0%2583%25E8%25AF%2595%25EF%25BC%2589.user.js&id=a241f440-a6c3-4afc-bd6a-75ffa1e051d2:737
[ 8682311ms] [ERROR] Failed to load resource: net::ERR_CONNECTION_RESET @ https://rumt-zh.com/speed?id=vq4n2C4by1vw9Kvevq&uin=3009017937&version=1.38.1&aid=8112c955-ec72-45ac-b994-e526a02be989&env=production&platform=3&netType=4&vp=0%20*%200&sr=1280%20*%20720&sessionId=session-1776015111404&from=https%3A%2F%2Fwebpage.qidian.qq.com%2Fqidian%2Fchatv3%2FstatusManager%2Findex.html%3Fkfuin%3D3009017937&referer=https%3A%2F%2Fscauzj.leykeji.com%2F:0
[ 8682687ms] [ERROR] Failed to load resource: net::ERR_CONNECTION_RESET @ https://rumt-zh.com/speed?id=9GkL9SLGjnYrr8bJd6&uin=&version=1.38.1&aid=8112c955-ec72-45ac-b994-e526a02be989&env=production&platform=3&netType=4&vp=0%20*%200&sr=1280%20*%20720&sessionId=session-1776015110585&from=https%3A%2F%2Fwebpage.qidian.qq.com%2Fqidian%2Fchatv3%2Fpc.html&referer=https%3A%2F%2Fscauzj.leykeji.com%2F:0
[ 8682703ms] [ERROR] Failed to load resource: net::ERR_CONNECTION_RESET @ https://rumt-zh.com/collect?id=9GkL9SLGjnYrr8bJd6&uin=&version=1.38.1&aid=8112c955-ec72-45ac-b994-e526a02be989&env=production&platform=3&netType=4&vp=0%20*%200&sr=1280%20*%20720&sessionId=session-1776015110585&from=https%3A%2F%2Fwebpage.qidian.qq.com%2Fqidian%2Fchatv3%2Fpc.html&referer=https%3A%2F%2Fscauzj.leykeji.com%2F:0
[ 8692101ms] [ERROR] Failed to load resource: net::ERR_CONNECTION_RESET @ https://rumt-zh.com/speed/performance?dnsLookup=0&tcp=400&ssl=399&ttfb=68&contentDownload=1&domParse=1392&resourceDownload=785&firstScreenTiming=0&id=9GkL9SLGjnYrr8bJd6&uin=&version=1.38.1&aid=8112c955-ec72-45ac-b994-e526a02be989&env=production&platform=3&netType=4&vp=0%20*%200&sr=1280%20*%20720&sessionId=session-1776015110585&from=https%3A%2F%2Fwebpage.qidian.qq.com%2Fqidian%2Fchatv3%2Fpc.html&referer=https%3A%2F%2Fscauzj.leykeji.com%2F:0
[ 8692939ms] [ERROR] Failed to load resource: net::ERR_CONNECTION_RESET @ https://rumt-zh.com/speed/performance?dnsLookup=0&tcp=403&ssl=402&ttfb=71&contentDownload=3&domParse=1320&resourceDownload=4&firstScreenTiming=0&id=vq4n2C4by1vw9Kvevq&uin=3009017937&version=1.38.1&aid=8112c955-ec72-45ac-b994-e526a02be989&env=production&platform=3&netType=4&vp=0%20*%200&sr=1280%20*%20720&sessionId=session-1776015111404&from=https%3A%2F%2Fwebpage.qidian.qq.com%2Fqidian%2Fchatv3%2FstatusManager%2Findex.html%3Fkfuin%3D3009017937&referer=https%3A%2F%2Fscauzj.leykeji.com%2F:0
